<?xml version="1.0" encoding="UTF-8"?>
<!-- Generated by org.testng.reporters.JUnitXMLReporter -->
<testsuite hostname="Yura-ПК" name="Default test" tests="82" failures="0" timestamp="4 Aug 2016 13:42:31 GMT" time="0.478" errors="0">
  <testcase name="testAddEnd_0" time="0.0" classname="testMetod.EListTestNGPrm">
    <skipped/>
  </testcase> <!-- testAddEnd_0 -->
  <testcase name="testAddEnd_1" time="0.0" classname="testMetod.EListTestNGPrm">
    <skipped/>
  </testcase> <!-- testAddEnd_1 -->
  <testcase name="testAddEnd_2" time="0.0" classname="testMetod.EListTestNGPrm">
    <skipped/>
  </testcase> <!-- testAddEnd_2 -->
  <testcase name="testAddEnd_many" time="0.0" classname="testMetod.EListTestNGPrm">
    <skipped/>
  </testcase> <!-- testAddEnd_many -->
  <testcase name="testAddStart_0" time="0.0" classname="testMetod.EListTestNGPrm">
    <skipped/>
  </testcase> <!-- testAddStart_0 -->
  <testcase name="testAddStart_1" time="0.0" classname="testMetod.EListTestNGPrm">
    <skipped/>
  </testcase> <!-- testAddStart_1 -->
  <testcase name="testAddStart_2" time="0.0" classname="testMetod.EListTestNGPrm">
    <skipped/>
  </testcase> <!-- testAddStart_2 -->
  <testcase name="testAddStart_many" time="0.0" classname="testMetod.EListTestNGPrm">
    <skipped/>
  </testcase> <!-- testAddStart_many -->
  <testcase name="testClear_0" time="0.0" classname="testMetod.EListTestNGPrm">
    <skipped/>
  </testcase> <!-- testClear_0 -->
  <testcase name="testClear_1" time="0.0" classname="testMetod.EListTestNGPrm">
    <skipped/>
  </testcase> <!-- testClear_1 -->
  <testcase name="testClear_2" time="0.0" classname="testMetod.EListTestNGPrm">
    <skipped/>
  </testcase> <!-- testClear_2 -->
  <testcase name="testClear_many" time="0.0" classname="testMetod.EListTestNGPrm">
    <skipped/>
  </testcase> <!-- testClear_many -->
  <testcase name="testInit_0" time="0.0" classname="testMetod.EListTestNGPrm">
    <skipped/>
  </testcase> <!-- testInit_0 -->
  <testcase name="testInit_1" time="0.0" classname="testMetod.EListTestNGPrm">
    <skipped/>
  </testcase> <!-- testInit_1 -->
  <testcase name="testInit_2" time="0.0" classname="testMetod.EListTestNGPrm">
    <skipped/>
  </testcase> <!-- testInit_2 -->
  <testcase name="testInit_many" time="0.0" classname="testMetod.EListTestNGPrm">
    <skipped/>
  </testcase> <!-- testInit_many -->
  <testcase name="testInit_null" time="0.0" classname="testMetod.EListTestNGPrm">
    <skipped/>
  </testcase> <!-- testInit_null -->
  <testcase name="testMax_0" time="0.0" classname="testMetod.EListTestNGPrm">
    <skipped/>
  </testcase> <!-- testMax_0 -->
  <testcase name="testMax_1" time="0.0" classname="testMetod.EListTestNGPrm">
    <skipped/>
  </testcase> <!-- testMax_1 -->
  <testcase name="testMax_2" time="0.0" classname="testMetod.EListTestNGPrm">
    <skipped/>
  </testcase> <!-- testMax_2 -->
  <testcase name="testMax_many" time="0.0" classname="testMetod.EListTestNGPrm">
    <skipped/>
  </testcase> <!-- testMax_many -->
  <testcase name="testMin_0" time="0.0" classname="testMetod.EListTestNGPrm">
    <skipped/>
  </testcase> <!-- testMin_0 -->
  <testcase name="testMin_1" time="0.0" classname="testMetod.EListTestNGPrm">
    <skipped/>
  </testcase> <!-- testMin_1 -->
  <testcase name="testMin_2" time="0.0" classname="testMetod.EListTestNGPrm">
    <skipped/>
  </testcase> <!-- testMin_2 -->
  <testcase name="testMin_many" time="0.0" classname="testMetod.EListTestNGPrm">
    <skipped/>
  </testcase> <!-- testMin_many -->
  <testcase name="testSize_0" time="0.0" classname="testMetod.EListTestNGPrm">
    <skipped/>
  </testcase> <!-- testSize_0 -->
  <testcase name="testSize_1" time="0.0" classname="testMetod.EListTestNGPrm">
    <skipped/>
  </testcase> <!-- testSize_1 -->
  <testcase name="testSize_4" time="0.0" classname="testMetod.EListTestNGPrm">
    <skipped/>
  </testcase> <!-- testSize_4 -->
  <testcase name="testSize_many" time="0.0" classname="testMetod.EListTestNGPrm">
    <skipped/>
  </testcase> <!-- testSize_many -->
  <testcase name="testToArray_0" time="0.0" classname="testMetod.EListTestNGPrm">
    <skipped/>
  </testcase> <!-- testToArray_0 -->
  <testcase name="testToArray_1" time="0.0" classname="testMetod.EListTestNGPrm">
    <skipped/>
  </testcase> <!-- testToArray_1 -->
  <testcase name="testToArray_2" time="0.0" classname="testMetod.EListTestNGPrm">
    <skipped/>
  </testcase> <!-- testToArray_2 -->
  <testcase name="testToArray_many" time="0.0" classname="testMetod.EListTestNGPrm">
    <skipped/>
  </testcase> <!-- testToArray_many -->
  <testcase name="test_AddPos_1" time="0.0" classname="testMetod.EListTestNGPrm">
    <skipped/>
  </testcase> <!-- test_AddPos_1 -->
  <testcase name="test_AddPos_2" time="0.0" classname="testMetod.EListTestNGPrm">
    <skipped/>
  </testcase> <!-- test_AddPos_2 -->
  <testcase name="test_AddPos_many" time="0.0" classname="testMetod.EListTestNGPrm">
    <skipped/>
  </testcase> <!-- test_AddPos_many -->
  <testcase name="test_AddPos_many2" time="0.0" classname="testMetod.EListTestNGPrm">
    <skipped/>
  </testcase> <!-- test_AddPos_many2 -->
  <testcase name="test_DelPos_1" time="0.0" classname="testMetod.EListTestNGPrm">
    <skipped/>
  </testcase> <!-- test_DelPos_1 -->
  <testcase name="test_DelPos_many" time="0.0" classname="testMetod.EListTestNGPrm">
    <skipped/>
  </testcase> <!-- test_DelPos_many -->
  <testcase name="test_Del_End_1" time="0.0" classname="testMetod.EListTestNGPrm">
    <skipped/>
  </testcase> <!-- test_Del_End_1 -->
  <testcase name="test_Del_End_2" time="0.0" classname="testMetod.EListTestNGPrm">
    <skipped/>
  </testcase> <!-- test_Del_End_2 -->
  <testcase name="test_Del_End_many" time="0.0" classname="testMetod.EListTestNGPrm">
    <skipped/>
  </testcase> <!-- test_Del_End_many -->
  <testcase name="test_Del_Pos_2_0" time="0.0" classname="testMetod.EListTestNGPrm">
    <skipped/>
  </testcase> <!-- test_Del_Pos_2_0 -->
  <testcase name="test_Del_Pos_2_1" time="0.0" classname="testMetod.EListTestNGPrm">
    <skipped/>
  </testcase> <!-- test_Del_Pos_2_1 -->
  <testcase name="test_Del_Start_0" time="0.0" classname="testMetod.EListTestNGPrm">
    <skipped/>
  </testcase> <!-- test_Del_Start_0 -->
  <testcase name="test_Del_Start_1" time="0.0" classname="testMetod.EListTestNGPrm">
    <skipped/>
  </testcase> <!-- test_Del_Start_1 -->
  <testcase name="test_Del_Start_2" time="0.0" classname="testMetod.EListTestNGPrm">
    <skipped/>
  </testcase> <!-- test_Del_Start_2 -->
  <testcase name="test_Del_Start_many" time="0.0" classname="testMetod.EListTestNGPrm">
    <skipped/>
  </testcase> <!-- test_Del_Start_many -->
  <testcase name="test_Get_0_OutOffBounds" time="0.0" classname="testMetod.EListTestNGPrm">
    <skipped/>
  </testcase> <!-- test_Get_0_OutOffBounds -->
  <testcase name="test_Get_1" time="0.0" classname="testMetod.EListTestNGPrm">
    <skipped/>
  </testcase> <!-- test_Get_1 -->
  <testcase name="test_Get_1_OutOffBounds" time="0.0" classname="testMetod.EListTestNGPrm">
    <skipped/>
  </testcase> <!-- test_Get_1_OutOffBounds -->
  <testcase name="test_Get_2" time="0.0" classname="testMetod.EListTestNGPrm">
    <skipped/>
  </testcase> <!-- test_Get_2 -->
  <testcase name="test_Get_many" time="0.0" classname="testMetod.EListTestNGPrm">
    <skipped/>
  </testcase> <!-- test_Get_many -->
  <testcase name="test_Iterator_00" time="0.0" classname="testMetod.EListTestNGPrm">
    <skipped/>
  </testcase> <!-- test_Iterator_00 -->
  <testcase name="test_Iterator_01" time="0.0" classname="testMetod.EListTestNGPrm">
    <skipped/>
  </testcase> <!-- test_Iterator_01 -->
  <testcase name="test_Iterator_02" time="0.0" classname="testMetod.EListTestNGPrm">
    <skipped/>
  </testcase> <!-- test_Iterator_02 -->
  <testcase name="test_Reverse_1" time="0.0" classname="testMetod.EListTestNGPrm">
    <skipped/>
  </testcase> <!-- test_Reverse_1 -->
  <testcase name="test_Reverse_2" time="0.0" classname="testMetod.EListTestNGPrm">
    <skipped/>
  </testcase> <!-- test_Reverse_2 -->
  <testcase name="test_Reverse_many" time="0.0" classname="testMetod.EListTestNGPrm">
    <skipped/>
  </testcase> <!-- test_Reverse_many -->
  <testcase name="test_Set_0_OutOffBounds" time="0.0" classname="testMetod.EListTestNGPrm">
    <skipped/>
  </testcase> <!-- test_Set_0_OutOffBounds -->
  <testcase name="test_Set_1" time="0.0" classname="testMetod.EListTestNGPrm">
    <skipped/>
  </testcase> <!-- test_Set_1 -->
  <testcase name="test_Set_1_OutOffBounds" time="0.0" classname="testMetod.EListTestNGPrm">
    <skipped/>
  </testcase> <!-- test_Set_1_OutOffBounds -->
  <testcase name="test_Set_2" time="0.0" classname="testMetod.EListTestNGPrm">
    <skipped/>
  </testcase> <!-- test_Set_2 -->
  <testcase name="test_Set_many" time="0.0" classname="testMetod.EListTestNGPrm">
    <skipped/>
  </testcase> <!-- test_Set_many -->
  <testcase name="test_Sort_1" time="0.0" classname="testMetod.EListTestNGPrm">
    <skipped/>
  </testcase> <!-- test_Sort_1 -->
  <testcase name="test_Sort_2" time="0.0" classname="testMetod.EListTestNGPrm">
    <skipped/>
  </testcase> <!-- test_Sort_2 -->
  <testcase name="test_Sort_many" time="0.0" classname="testMetod.EListTestNGPrm">
    <skipped/>
  </testcase> <!-- test_Sort_many -->
  <testcase name="test_Sort_many_2" time="0.0" classname="testMetod.EListTestNGPrm">
    <skipped/>
  </testcase> <!-- test_Sort_many_2 -->
  <testcase name="test_halfReverse_0" time="0.0" classname="testMetod.EListTestNGPrm">
    <skipped/>
  </testcase> <!-- test_halfReverse_0 -->
  <testcase name="test_halfReverse_1" time="0.0" classname="testMetod.EListTestNGPrm">
    <skipped/>
  </testcase> <!-- test_halfReverse_1 -->
  <testcase name="test_halfReverse_2" time="0.0" classname="testMetod.EListTestNGPrm">
    <skipped/>
  </testcase> <!-- test_halfReverse_2 -->
  <testcase name="test_halfReverse_many" time="0.0" classname="testMetod.EListTestNGPrm">
    <skipped/>
  </testcase> <!-- test_halfReverse_many -->
  <testcase name="test_maxPos_1" time="0.0" classname="testMetod.EListTestNGPrm">
    <skipped/>
  </testcase> <!-- test_maxPos_1 -->
  <testcase name="test_maxPos_2" time="0.0" classname="testMetod.EListTestNGPrm">
    <skipped/>
  </testcase> <!-- test_maxPos_2 -->
  <testcase name="test_maxPos_many" time="0.0" classname="testMetod.EListTestNGPrm">
    <skipped/>
  </testcase> <!-- test_maxPos_many -->
  <testcase name="test_minPos_1" time="0.0" classname="testMetod.EListTestNGPrm">
    <skipped/>
  </testcase> <!-- test_minPos_1 -->
  <testcase name="test_minPos_2" time="0.0" classname="testMetod.EListTestNGPrm">
    <skipped/>
  </testcase> <!-- test_minPos_2 -->
  <testcase name="test_minPos_many" time="0.0" classname="testMetod.EListTestNGPrm">
    <skipped/>
  </testcase> <!-- test_minPos_many -->
  <testcase name="test_toString_0" time="0.0" classname="testMetod.EListTestNGPrm">
    <skipped/>
  </testcase> <!-- test_toString_0 -->
  <testcase name="test_toString_1" time="0.0" classname="testMetod.EListTestNGPrm">
    <skipped/>
  </testcase> <!-- test_toString_1 -->
  <testcase name="test_toString_2" time="0.0" classname="testMetod.EListTestNGPrm">
    <skipped/>
  </testcase> <!-- test_toString_2 -->
  <testcase name="test_toString_many" time="0.0" classname="testMetod.EListTestNGPrm">
    <skipped/>
  </testcase> <!-- test_toString_many -->
</testsuite> <!-- Default test -->
