<?xml version="1.0" encoding="UTF-8"?>
<testng-results skipped="82" failed="0" total="82" passed="0">
  <reporter-output>
  </reporter-output>
  <suite name="Default suite" duration-ms="478" started-at="2016-08-04T13:42:30Z" finished-at="2016-08-04T13:42:30Z">
    <groups>
      <group name="init">
        <method signature="EListTestNGPrm.testInit_0(listInterfes.EList)[pri:0, instance:testMetod.EListTestNGPrm@548b7f67]" name="testInit_0" class="testMetod.EListTestNGPrm"/>
        <method signature="EListTestNGPrm.testInit_1(listInterfes.EList)[pri:0, instance:testMetod.EListTestNGPrm@548b7f67]" name="testInit_1" class="testMetod.EListTestNGPrm"/>
        <method signature="EListTestNGPrm.testInit_2(listInterfes.EList)[pri:0, instance:testMetod.EListTestNGPrm@548b7f67]" name="testInit_2" class="testMetod.EListTestNGPrm"/>
        <method signature="EListTestNGPrm.testInit_many(listInterfes.EList)[pri:0, instance:testMetod.EListTestNGPrm@548b7f67]" name="testInit_many" class="testMetod.EListTestNGPrm"/>
        <method signature="EListTestNGPrm.testInit_null(listInterfes.EList)[pri:0, instance:testMetod.EListTestNGPrm@548b7f67]" name="testInit_null" class="testMetod.EListTestNGPrm"/>
      </group> <!-- init -->
      <group name="set">
        <method signature="EListTestNGPrm.test_Set_0_OutOffBounds(listInterfes.EList)[pri:0, instance:testMetod.EListTestNGPrm@548b7f67]" name="test_Set_0_OutOffBounds" class="testMetod.EListTestNGPrm"/>
        <method signature="EListTestNGPrm.test_Set_1(listInterfes.EList)[pri:0, instance:testMetod.EListTestNGPrm@548b7f67]" name="test_Set_1" class="testMetod.EListTestNGPrm"/>
        <method signature="EListTestNGPrm.test_Set_1_OutOffBounds(listInterfes.EList)[pri:0, instance:testMetod.EListTestNGPrm@548b7f67]" name="test_Set_1_OutOffBounds" class="testMetod.EListTestNGPrm"/>
        <method signature="EListTestNGPrm.test_Set_2(listInterfes.EList)[pri:0, instance:testMetod.EListTestNGPrm@548b7f67]" name="test_Set_2" class="testMetod.EListTestNGPrm"/>
        <method signature="EListTestNGPrm.test_Set_many(listInterfes.EList)[pri:0, instance:testMetod.EListTestNGPrm@548b7f67]" name="test_Set_many" class="testMetod.EListTestNGPrm"/>
      </group> <!-- set -->
      <group name="max">
        <method signature="EListTestNGPrm.testMax_0(listInterfes.EList)[pri:0, instance:testMetod.EListTestNGPrm@548b7f67]" name="testMax_0" class="testMetod.EListTestNGPrm"/>
        <method signature="EListTestNGPrm.testMax_1(listInterfes.EList)[pri:0, instance:testMetod.EListTestNGPrm@548b7f67]" name="testMax_1" class="testMetod.EListTestNGPrm"/>
        <method signature="EListTestNGPrm.testMax_2(listInterfes.EList)[pri:0, instance:testMetod.EListTestNGPrm@548b7f67]" name="testMax_2" class="testMetod.EListTestNGPrm"/>
        <method signature="EListTestNGPrm.testMax_many(listInterfes.EList)[pri:0, instance:testMetod.EListTestNGPrm@548b7f67]" name="testMax_many" class="testMetod.EListTestNGPrm"/>
      </group> <!-- max -->
      <group name="addPos">
        <method signature="EListTestNGPrm.test_AddPos_1(listInterfes.EList)[pri:0, instance:testMetod.EListTestNGPrm@548b7f67]" name="test_AddPos_1" class="testMetod.EListTestNGPrm"/>
        <method signature="EListTestNGPrm.test_AddPos_2(listInterfes.EList)[pri:0, instance:testMetod.EListTestNGPrm@548b7f67]" name="test_AddPos_2" class="testMetod.EListTestNGPrm"/>
        <method signature="EListTestNGPrm.test_AddPos_many(listInterfes.EList)[pri:0, instance:testMetod.EListTestNGPrm@548b7f67]" name="test_AddPos_many" class="testMetod.EListTestNGPrm"/>
        <method signature="EListTestNGPrm.test_AddPos_many2(listInterfes.EList)[pri:0, instance:testMetod.EListTestNGPrm@548b7f67]" name="test_AddPos_many2" class="testMetod.EListTestNGPrm"/>
      </group> <!-- addPos -->
      <group name="clear">
        <method signature="EListTestNGPrm.testClear_0(listInterfes.EList)[pri:0, instance:testMetod.EListTestNGPrm@548b7f67]" name="testClear_0" class="testMetod.EListTestNGPrm"/>
        <method signature="EListTestNGPrm.testClear_1(listInterfes.EList)[pri:0, instance:testMetod.EListTestNGPrm@548b7f67]" name="testClear_1" class="testMetod.EListTestNGPrm"/>
        <method signature="EListTestNGPrm.testClear_2(listInterfes.EList)[pri:0, instance:testMetod.EListTestNGPrm@548b7f67]" name="testClear_2" class="testMetod.EListTestNGPrm"/>
        <method signature="EListTestNGPrm.testClear_many(listInterfes.EList)[pri:0, instance:testMetod.EListTestNGPrm@548b7f67]" name="testClear_many" class="testMetod.EListTestNGPrm"/>
      </group> <!-- clear -->
      <group name="delStart">
        <method signature="EListTestNGPrm.test_Del_Start_0(listInterfes.EList)[pri:0, instance:testMetod.EListTestNGPrm@548b7f67]" name="test_Del_Start_0" class="testMetod.EListTestNGPrm"/>
        <method signature="EListTestNGPrm.test_Del_Start_1(listInterfes.EList)[pri:0, instance:testMetod.EListTestNGPrm@548b7f67]" name="test_Del_Start_1" class="testMetod.EListTestNGPrm"/>
        <method signature="EListTestNGPrm.test_Del_Start_2(listInterfes.EList)[pri:0, instance:testMetod.EListTestNGPrm@548b7f67]" name="test_Del_Start_2" class="testMetod.EListTestNGPrm"/>
        <method signature="EListTestNGPrm.test_Del_Start_many(listInterfes.EList)[pri:0, instance:testMetod.EListTestNGPrm@548b7f67]" name="test_Del_Start_many" class="testMetod.EListTestNGPrm"/>
      </group> <!-- delStart -->
      <group name="sort">
        <method signature="EListTestNGPrm.test_Sort_1(listInterfes.EList)[pri:0, instance:testMetod.EListTestNGPrm@548b7f67]" name="test_Sort_1" class="testMetod.EListTestNGPrm"/>
        <method signature="EListTestNGPrm.test_Sort_2(listInterfes.EList)[pri:0, instance:testMetod.EListTestNGPrm@548b7f67]" name="test_Sort_2" class="testMetod.EListTestNGPrm"/>
        <method signature="EListTestNGPrm.test_Sort_many(listInterfes.EList)[pri:0, instance:testMetod.EListTestNGPrm@548b7f67]" name="test_Sort_many" class="testMetod.EListTestNGPrm"/>
        <method signature="EListTestNGPrm.test_Sort_many_2(listInterfes.EList)[pri:0, instance:testMetod.EListTestNGPrm@548b7f67]" name="test_Sort_many_2" class="testMetod.EListTestNGPrm"/>
      </group> <!-- sort -->
      <group name="addStart">
        <method signature="EListTestNGPrm.testAddStart_0(listInterfes.EList)[pri:0, instance:testMetod.EListTestNGPrm@548b7f67]" name="testAddStart_0" class="testMetod.EListTestNGPrm"/>
        <method signature="EListTestNGPrm.testAddStart_1(listInterfes.EList)[pri:0, instance:testMetod.EListTestNGPrm@548b7f67]" name="testAddStart_1" class="testMetod.EListTestNGPrm"/>
        <method signature="EListTestNGPrm.testAddStart_2(listInterfes.EList)[pri:0, instance:testMetod.EListTestNGPrm@548b7f67]" name="testAddStart_2" class="testMetod.EListTestNGPrm"/>
        <method signature="EListTestNGPrm.testAddStart_many(listInterfes.EList)[pri:0, instance:testMetod.EListTestNGPrm@548b7f67]" name="testAddStart_many" class="testMetod.EListTestNGPrm"/>
      </group> <!-- addStart -->
      <group name="reverse">
        <method signature="EListTestNGPrm.test_Reverse_1(listInterfes.EList)[pri:0, instance:testMetod.EListTestNGPrm@548b7f67]" name="test_Reverse_1" class="testMetod.EListTestNGPrm"/>
        <method signature="EListTestNGPrm.test_Reverse_2(listInterfes.EList)[pri:0, instance:testMetod.EListTestNGPrm@548b7f67]" name="test_Reverse_2" class="testMetod.EListTestNGPrm"/>
        <method signature="EListTestNGPrm.test_Reverse_many(listInterfes.EList)[pri:0, instance:testMetod.EListTestNGPrm@548b7f67]" name="test_Reverse_many" class="testMetod.EListTestNGPrm"/>
      </group> <!-- reverse -->
      <group name="addEnd">
        <method signature="EListTestNGPrm.testAddEnd_0(listInterfes.EList)[pri:0, instance:testMetod.EListTestNGPrm@548b7f67]" name="testAddEnd_0" class="testMetod.EListTestNGPrm"/>
        <method signature="EListTestNGPrm.testAddEnd_1(listInterfes.EList)[pri:0, instance:testMetod.EListTestNGPrm@548b7f67]" name="testAddEnd_1" class="testMetod.EListTestNGPrm"/>
        <method signature="EListTestNGPrm.testAddEnd_2(listInterfes.EList)[pri:0, instance:testMetod.EListTestNGPrm@548b7f67]" name="testAddEnd_2" class="testMetod.EListTestNGPrm"/>
        <method signature="EListTestNGPrm.testAddEnd_many(listInterfes.EList)[pri:0, instance:testMetod.EListTestNGPrm@548b7f67]" name="testAddEnd_many" class="testMetod.EListTestNGPrm"/>
      </group> <!-- addEnd -->
      <group name="delPos">
        <method signature="EListTestNGPrm.test_DelPos_1(listInterfes.EList)[pri:0, instance:testMetod.EListTestNGPrm@548b7f67]" name="test_DelPos_1" class="testMetod.EListTestNGPrm"/>
        <method signature="EListTestNGPrm.test_DelPos_many(listInterfes.EList)[pri:0, instance:testMetod.EListTestNGPrm@548b7f67]" name="test_DelPos_many" class="testMetod.EListTestNGPrm"/>
        <method signature="EListTestNGPrm.test_Del_Pos_2_0(listInterfes.EList)[pri:0, instance:testMetod.EListTestNGPrm@548b7f67]" name="test_Del_Pos_2_0" class="testMetod.EListTestNGPrm"/>
        <method signature="EListTestNGPrm.test_Del_Pos_2_1(listInterfes.EList)[pri:0, instance:testMetod.EListTestNGPrm@548b7f67]" name="test_Del_Pos_2_1" class="testMetod.EListTestNGPrm"/>
      </group> <!-- delPos -->
      <group name="min">
        <method signature="EListTestNGPrm.testMin_0(listInterfes.EList)[pri:0, instance:testMetod.EListTestNGPrm@548b7f67]" name="testMin_0" class="testMetod.EListTestNGPrm"/>
        <method signature="EListTestNGPrm.testMin_1(listInterfes.EList)[pri:0, instance:testMetod.EListTestNGPrm@548b7f67]" name="testMin_1" class="testMetod.EListTestNGPrm"/>
        <method signature="EListTestNGPrm.testMin_2(listInterfes.EList)[pri:0, instance:testMetod.EListTestNGPrm@548b7f67]" name="testMin_2" class="testMetod.EListTestNGPrm"/>
        <method signature="EListTestNGPrm.testMin_many(listInterfes.EList)[pri:0, instance:testMetod.EListTestNGPrm@548b7f67]" name="testMin_many" class="testMetod.EListTestNGPrm"/>
      </group> <!-- min -->
      <group name="size">
        <method signature="EListTestNGPrm.testSize_0(listInterfes.EList)[pri:0, instance:testMetod.EListTestNGPrm@548b7f67]" name="testSize_0" class="testMetod.EListTestNGPrm"/>
        <method signature="EListTestNGPrm.testSize_1(listInterfes.EList)[pri:0, instance:testMetod.EListTestNGPrm@548b7f67]" name="testSize_1" class="testMetod.EListTestNGPrm"/>
        <method signature="EListTestNGPrm.testSize_4(listInterfes.EList)[pri:0, instance:testMetod.EListTestNGPrm@548b7f67]" name="testSize_4" class="testMetod.EListTestNGPrm"/>
        <method signature="EListTestNGPrm.testSize_many(listInterfes.EList)[pri:0, instance:testMetod.EListTestNGPrm@548b7f67]" name="testSize_many" class="testMetod.EListTestNGPrm"/>
      </group> <!-- size -->
      <group name="halfReverse">
        <method signature="EListTestNGPrm.test_halfReverse_0(listInterfes.EList)[pri:0, instance:testMetod.EListTestNGPrm@548b7f67]" name="test_halfReverse_0" class="testMetod.EListTestNGPrm"/>
        <method signature="EListTestNGPrm.test_halfReverse_1(listInterfes.EList)[pri:0, instance:testMetod.EListTestNGPrm@548b7f67]" name="test_halfReverse_1" class="testMetod.EListTestNGPrm"/>
        <method signature="EListTestNGPrm.test_halfReverse_2(listInterfes.EList)[pri:0, instance:testMetod.EListTestNGPrm@548b7f67]" name="test_halfReverse_2" class="testMetod.EListTestNGPrm"/>
        <method signature="EListTestNGPrm.test_halfReverse_many(listInterfes.EList)[pri:0, instance:testMetod.EListTestNGPrm@548b7f67]" name="test_halfReverse_many" class="testMetod.EListTestNGPrm"/>
      </group> <!-- halfReverse -->
      <group name="delEnd">
        <method signature="EListTestNGPrm.test_Del_End_1(listInterfes.EList)[pri:0, instance:testMetod.EListTestNGPrm@548b7f67]" name="test_Del_End_1" class="testMetod.EListTestNGPrm"/>
        <method signature="EListTestNGPrm.test_Del_End_2(listInterfes.EList)[pri:0, instance:testMetod.EListTestNGPrm@548b7f67]" name="test_Del_End_2" class="testMetod.EListTestNGPrm"/>
        <method signature="EListTestNGPrm.test_Del_End_many(listInterfes.EList)[pri:0, instance:testMetod.EListTestNGPrm@548b7f67]" name="test_Del_End_many" class="testMetod.EListTestNGPrm"/>
      </group> <!-- delEnd -->
      <group name="get">
        <method signature="EListTestNGPrm.test_Get_0_OutOffBounds(listInterfes.EList)[pri:0, instance:testMetod.EListTestNGPrm@548b7f67]" name="test_Get_0_OutOffBounds" class="testMetod.EListTestNGPrm"/>
        <method signature="EListTestNGPrm.test_Get_1(listInterfes.EList)[pri:0, instance:testMetod.EListTestNGPrm@548b7f67]" name="test_Get_1" class="testMetod.EListTestNGPrm"/>
        <method signature="EListTestNGPrm.test_Get_1_OutOffBounds(listInterfes.EList)[pri:0, instance:testMetod.EListTestNGPrm@548b7f67]" name="test_Get_1_OutOffBounds" class="testMetod.EListTestNGPrm"/>
        <method signature="EListTestNGPrm.test_Get_2(listInterfes.EList)[pri:0, instance:testMetod.EListTestNGPrm@548b7f67]" name="test_Get_2" class="testMetod.EListTestNGPrm"/>
        <method signature="EListTestNGPrm.test_Get_many(listInterfes.EList)[pri:0, instance:testMetod.EListTestNGPrm@548b7f67]" name="test_Get_many" class="testMetod.EListTestNGPrm"/>
      </group> <!-- get -->
      <group name="toArray">
        <method signature="EListTestNGPrm.testToArray_0(listInterfes.EList)[pri:0, instance:testMetod.EListTestNGPrm@548b7f67]" name="testToArray_0" class="testMetod.EListTestNGPrm"/>
        <method signature="EListTestNGPrm.testToArray_1(listInterfes.EList)[pri:0, instance:testMetod.EListTestNGPrm@548b7f67]" name="testToArray_1" class="testMetod.EListTestNGPrm"/>
        <method signature="EListTestNGPrm.testToArray_2(listInterfes.EList)[pri:0, instance:testMetod.EListTestNGPrm@548b7f67]" name="testToArray_2" class="testMetod.EListTestNGPrm"/>
        <method signature="EListTestNGPrm.testToArray_many(listInterfes.EList)[pri:0, instance:testMetod.EListTestNGPrm@548b7f67]" name="testToArray_many" class="testMetod.EListTestNGPrm"/>
      </group> <!-- toArray -->
      <group name="Iterator">
        <method signature="EListTestNGPrm.test_Iterator_00(listInterfes.EList)[pri:0, instance:testMetod.EListTestNGPrm@548b7f67]" name="test_Iterator_00" class="testMetod.EListTestNGPrm"/>
        <method signature="EListTestNGPrm.test_Iterator_01(listInterfes.EList)[pri:0, instance:testMetod.EListTestNGPrm@548b7f67]" name="test_Iterator_01" class="testMetod.EListTestNGPrm"/>
        <method signature="EListTestNGPrm.test_Iterator_02(listInterfes.EList)[pri:0, instance:testMetod.EListTestNGPrm@548b7f67]" name="test_Iterator_02" class="testMetod.EListTestNGPrm"/>
      </group> <!-- Iterator -->
      <group name="minPos">
        <method signature="EListTestNGPrm.test_minPos_1(listInterfes.EList)[pri:0, instance:testMetod.EListTestNGPrm@548b7f67]" name="test_minPos_1" class="testMetod.EListTestNGPrm"/>
        <method signature="EListTestNGPrm.test_minPos_2(listInterfes.EList)[pri:0, instance:testMetod.EListTestNGPrm@548b7f67]" name="test_minPos_2" class="testMetod.EListTestNGPrm"/>
        <method signature="EListTestNGPrm.test_minPos_many(listInterfes.EList)[pri:0, instance:testMetod.EListTestNGPrm@548b7f67]" name="test_minPos_many" class="testMetod.EListTestNGPrm"/>
      </group> <!-- minPos -->
      <group name="toString">
        <method signature="EListTestNGPrm.test_toString_0(listInterfes.EList)[pri:0, instance:testMetod.EListTestNGPrm@548b7f67]" name="test_toString_0" class="testMetod.EListTestNGPrm"/>
        <method signature="EListTestNGPrm.test_toString_1(listInterfes.EList)[pri:0, instance:testMetod.EListTestNGPrm@548b7f67]" name="test_toString_1" class="testMetod.EListTestNGPrm"/>
        <method signature="EListTestNGPrm.test_toString_2(listInterfes.EList)[pri:0, instance:testMetod.EListTestNGPrm@548b7f67]" name="test_toString_2" class="testMetod.EListTestNGPrm"/>
        <method signature="EListTestNGPrm.test_toString_many(listInterfes.EList)[pri:0, instance:testMetod.EListTestNGPrm@548b7f67]" name="test_toString_many" class="testMetod.EListTestNGPrm"/>
      </group> <!-- toString -->
      <group name="maxPos">
        <method signature="EListTestNGPrm.test_maxPos_1(listInterfes.EList)[pri:0, instance:testMetod.EListTestNGPrm@548b7f67]" name="test_maxPos_1" class="testMetod.EListTestNGPrm"/>
        <method signature="EListTestNGPrm.test_maxPos_2(listInterfes.EList)[pri:0, instance:testMetod.EListTestNGPrm@548b7f67]" name="test_maxPos_2" class="testMetod.EListTestNGPrm"/>
        <method signature="EListTestNGPrm.test_maxPos_many(listInterfes.EList)[pri:0, instance:testMetod.EListTestNGPrm@548b7f67]" name="test_maxPos_many" class="testMetod.EListTestNGPrm"/>
      </group> <!-- maxPos -->
    </groups>
    <test name="Default test" duration-ms="478" started-at="2016-08-04T13:42:30Z" finished-at="2016-08-04T13:42:30Z">
      <class name="testMetod.EListTestNGPrm">
        <test-method status="SKIP" signature="testAddEnd_0(listInterfes.EList)[pri:0, instance:testMetod.EListTestNGPrm@548b7f67]" name="testAddEnd_0" duration-ms="0" started-at="2016-08-04T16:42:30Z" data-provider="mainList" finished-at="2016-08-04T16:42:30Z">
          <exception class="java.lang.NoClassDefFoundError">
            <message>
              <![CDATA[com/google/common/primitives/Ints]]>
            </message>
            <full-stacktrace>
              <![CDATA[java.lang.NoClassDefFoundError: com/google/common/primitives/Ints
	at org.testng.internal.annotations.JDK15TagFactory.createDataProviderTag(JDK15TagFactory.java:335)
	at org.testng.internal.annotations.JDK15TagFactory.createTag(JDK15TagFactory.java:59)
	at org.testng.internal.annotations.JDK15AnnotationFinder.findAnnotation(JDK15AnnotationFinder.java:217)
	at org.testng.internal.annotations.JDK15AnnotationFinder.findAnnotation(JDK15AnnotationFinder.java:111)
	at org.testng.internal.Parameters.findDataProvider(Parameters.java:326)
	at org.testng.internal.Parameters.findDataProvider(Parameters.java:261)
	at org.testng.internal.Parameters.handleParameters(Parameters.java:418)
	at org.testng.internal.Invoker.handleParameters(Invoker.java:1240)
	at org.testng.internal.Invoker.createParameters(Invoker.java:980)
	at org.testng.internal.Invoker.invokeTestMethods(Invoker.java:1070)
	at org.testng.internal.TestMethodWorker.invokeTestMethods(TestMethodWorker.java:129)
	at org.testng.internal.TestMethodWorker.run(TestMethodWorker.java:112)
	at org.testng.TestRunner.privateRun(TestRunner.java:746)
	at org.testng.TestRunner.run(TestRunner.java:600)
	at org.testng.SuiteRunner.runTest(SuiteRunner.java:366)
	at org.testng.SuiteRunner.runSequentially(SuiteRunner.java:361)
	at org.testng.SuiteRunner.privateRun(SuiteRunner.java:319)
	at org.testng.SuiteRunner.run(SuiteRunner.java:268)
	at org.testng.SuiteRunnerWorker.runSuite(SuiteRunnerWorker.java:52)
	at org.testng.SuiteRunnerWorker.run(SuiteRunnerWorker.java:86)
	at org.testng.TestNG.runSuitesSequentially(TestNG.java:1264)
	at org.testng.TestNG.runSuitesLocally(TestNG.java:1189)
	at org.testng.TestNG.runSuites(TestNG.java:1104)
	at org.testng.TestNG.run(TestNG.java:1076)
	at org.testng.remote.AbstractRemoteTestNG.run(AbstractRemoteTestNG.java:126)
	at org.testng.remote.RemoteTestNG.initAndRun(RemoteTestNG.java:152)
	at org.testng.remote.RemoteTestNG.main(RemoteTestNG.java:57)
Caused by: java.lang.ClassNotFoundException: com.google.common.primitives.Ints
	at java.net.URLClassLoader.findClass(Unknown Source)
	at java.lang.ClassLoader.loadClass(Unknown Source)
	at sun.misc.Launcher$AppClassLoader.loadClass(Unknown Source)
	at java.lang.ClassLoader.loadClass(Unknown Source)
	... 27 more
]]>
            </full-stacktrace>
          </exception> <!-- java.lang.NoClassDefFoundError -->
          <reporter-output>
          </reporter-output>
        </test-method> <!-- testAddEnd_0 -->
        <test-method status="SKIP" signature="testAddEnd_1(listInterfes.EList)[pri:0, instance:testMetod.EListTestNGPrm@548b7f67]" name="testAddEnd_1" duration-ms="0" started-at="2016-08-04T16:42:30Z" data-provider="mainList" finished-at="2016-08-04T16:42:30Z">
          <exception class="java.lang.NoClassDefFoundError">
            <message>
              <![CDATA[com/google/common/primitives/Ints]]>
            </message>
            <full-stacktrace>
              <![CDATA[java.lang.NoClassDefFoundError: com/google/common/primitives/Ints
	at org.testng.internal.annotations.JDK15TagFactory.createDataProviderTag(JDK15TagFactory.java:335)
	at org.testng.internal.annotations.JDK15TagFactory.createTag(JDK15TagFactory.java:59)
	at org.testng.internal.annotations.JDK15AnnotationFinder.findAnnotation(JDK15AnnotationFinder.java:217)
	at org.testng.internal.annotations.JDK15AnnotationFinder.findAnnotation(JDK15AnnotationFinder.java:111)
	at org.testng.internal.Parameters.findDataProvider(Parameters.java:326)
	at org.testng.internal.Parameters.findDataProvider(Parameters.java:261)
	at org.testng.internal.Parameters.handleParameters(Parameters.java:418)
	at org.testng.internal.Invoker.handleParameters(Invoker.java:1240)
	at org.testng.internal.Invoker.createParameters(Invoker.java:980)
	at org.testng.internal.Invoker.invokeTestMethods(Invoker.java:1070)
	at org.testng.internal.TestMethodWorker.invokeTestMethods(TestMethodWorker.java:129)
	at org.testng.internal.TestMethodWorker.run(TestMethodWorker.java:112)
	at org.testng.TestRunner.privateRun(TestRunner.java:746)
	at org.testng.TestRunner.run(TestRunner.java:600)
	at org.testng.SuiteRunner.runTest(SuiteRunner.java:366)
	at org.testng.SuiteRunner.runSequentially(SuiteRunner.java:361)
	at org.testng.SuiteRunner.privateRun(SuiteRunner.java:319)
	at org.testng.SuiteRunner.run(SuiteRunner.java:268)
	at org.testng.SuiteRunnerWorker.runSuite(SuiteRunnerWorker.java:52)
	at org.testng.SuiteRunnerWorker.run(SuiteRunnerWorker.java:86)
	at org.testng.TestNG.runSuitesSequentially(TestNG.java:1264)
	at org.testng.TestNG.runSuitesLocally(TestNG.java:1189)
	at org.testng.TestNG.runSuites(TestNG.java:1104)
	at org.testng.TestNG.run(TestNG.java:1076)
	at org.testng.remote.AbstractRemoteTestNG.run(AbstractRemoteTestNG.java:126)
	at org.testng.remote.RemoteTestNG.initAndRun(RemoteTestNG.java:152)
	at org.testng.remote.RemoteTestNG.main(RemoteTestNG.java:57)
]]>
            </full-stacktrace>
          </exception> <!-- java.lang.NoClassDefFoundError -->
          <reporter-output>
          </reporter-output>
        </test-method> <!-- testAddEnd_1 -->
        <test-method status="SKIP" signature="testAddEnd_2(listInterfes.EList)[pri:0, instance:testMetod.EListTestNGPrm@548b7f67]" name="testAddEnd_2" duration-ms="0" started-at="2016-08-04T16:42:30Z" data-provider="mainList" finished-at="2016-08-04T16:42:30Z">
          <exception class="java.lang.NoClassDefFoundError">
            <message>
              <![CDATA[com/google/common/primitives/Ints]]>
            </message>
            <full-stacktrace>
              <![CDATA[java.lang.NoClassDefFoundError: com/google/common/primitives/Ints
	at org.testng.internal.annotations.JDK15TagFactory.createDataProviderTag(JDK15TagFactory.java:335)
	at org.testng.internal.annotations.JDK15TagFactory.createTag(JDK15TagFactory.java:59)
	at org.testng.internal.annotations.JDK15AnnotationFinder.findAnnotation(JDK15AnnotationFinder.java:217)
	at org.testng.internal.annotations.JDK15AnnotationFinder.findAnnotation(JDK15AnnotationFinder.java:111)
	at org.testng.internal.Parameters.findDataProvider(Parameters.java:326)
	at org.testng.internal.Parameters.findDataProvider(Parameters.java:261)
	at org.testng.internal.Parameters.handleParameters(Parameters.java:418)
	at org.testng.internal.Invoker.handleParameters(Invoker.java:1240)
	at org.testng.internal.Invoker.createParameters(Invoker.java:980)
	at org.testng.internal.Invoker.invokeTestMethods(Invoker.java:1070)
	at org.testng.internal.TestMethodWorker.invokeTestMethods(TestMethodWorker.java:129)
	at org.testng.internal.TestMethodWorker.run(TestMethodWorker.java:112)
	at org.testng.TestRunner.privateRun(TestRunner.java:746)
	at org.testng.TestRunner.run(TestRunner.java:600)
	at org.testng.SuiteRunner.runTest(SuiteRunner.java:366)
	at org.testng.SuiteRunner.runSequentially(SuiteRunner.java:361)
	at org.testng.SuiteRunner.privateRun(SuiteRunner.java:319)
	at org.testng.SuiteRunner.run(SuiteRunner.java:268)
	at org.testng.SuiteRunnerWorker.runSuite(SuiteRunnerWorker.java:52)
	at org.testng.SuiteRunnerWorker.run(SuiteRunnerWorker.java:86)
	at org.testng.TestNG.runSuitesSequentially(TestNG.java:1264)
	at org.testng.TestNG.runSuitesLocally(TestNG.java:1189)
	at org.testng.TestNG.runSuites(TestNG.java:1104)
	at org.testng.TestNG.run(TestNG.java:1076)
	at org.testng.remote.AbstractRemoteTestNG.run(AbstractRemoteTestNG.java:126)
	at org.testng.remote.RemoteTestNG.initAndRun(RemoteTestNG.java:152)
	at org.testng.remote.RemoteTestNG.main(RemoteTestNG.java:57)
]]>
            </full-stacktrace>
          </exception> <!-- java.lang.NoClassDefFoundError -->
          <reporter-output>
          </reporter-output>
        </test-method> <!-- testAddEnd_2 -->
        <test-method status="SKIP" signature="testAddEnd_many(listInterfes.EList)[pri:0, instance:testMetod.EListTestNGPrm@548b7f67]" name="testAddEnd_many" duration-ms="0" started-at="2016-08-04T16:42:30Z" data-provider="mainList" finished-at="2016-08-04T16:42:30Z">
          <exception class="java.lang.NoClassDefFoundError">
            <message>
              <![CDATA[com/google/common/primitives/Ints]]>
            </message>
            <full-stacktrace>
              <![CDATA[java.lang.NoClassDefFoundError: com/google/common/primitives/Ints
	at org.testng.internal.annotations.JDK15TagFactory.createDataProviderTag(JDK15TagFactory.java:335)
	at org.testng.internal.annotations.JDK15TagFactory.createTag(JDK15TagFactory.java:59)
	at org.testng.internal.annotations.JDK15AnnotationFinder.findAnnotation(JDK15AnnotationFinder.java:217)
	at org.testng.internal.annotations.JDK15AnnotationFinder.findAnnotation(JDK15AnnotationFinder.java:111)
	at org.testng.internal.Parameters.findDataProvider(Parameters.java:326)
	at org.testng.internal.Parameters.findDataProvider(Parameters.java:261)
	at org.testng.internal.Parameters.handleParameters(Parameters.java:418)
	at org.testng.internal.Invoker.handleParameters(Invoker.java:1240)
	at org.testng.internal.Invoker.createParameters(Invoker.java:980)
	at org.testng.internal.Invoker.invokeTestMethods(Invoker.java:1070)
	at org.testng.internal.TestMethodWorker.invokeTestMethods(TestMethodWorker.java:129)
	at org.testng.internal.TestMethodWorker.run(TestMethodWorker.java:112)
	at org.testng.TestRunner.privateRun(TestRunner.java:746)
	at org.testng.TestRunner.run(TestRunner.java:600)
	at org.testng.SuiteRunner.runTest(SuiteRunner.java:366)
	at org.testng.SuiteRunner.runSequentially(SuiteRunner.java:361)
	at org.testng.SuiteRunner.privateRun(SuiteRunner.java:319)
	at org.testng.SuiteRunner.run(SuiteRunner.java:268)
	at org.testng.SuiteRunnerWorker.runSuite(SuiteRunnerWorker.java:52)
	at org.testng.SuiteRunnerWorker.run(SuiteRunnerWorker.java:86)
	at org.testng.TestNG.runSuitesSequentially(TestNG.java:1264)
	at org.testng.TestNG.runSuitesLocally(TestNG.java:1189)
	at org.testng.TestNG.runSuites(TestNG.java:1104)
	at org.testng.TestNG.run(TestNG.java:1076)
	at org.testng.remote.AbstractRemoteTestNG.run(AbstractRemoteTestNG.java:126)
	at org.testng.remote.RemoteTestNG.initAndRun(RemoteTestNG.java:152)
	at org.testng.remote.RemoteTestNG.main(RemoteTestNG.java:57)
]]>
            </full-stacktrace>
          </exception> <!-- java.lang.NoClassDefFoundError -->
          <reporter-output>
          </reporter-output>
        </test-method> <!-- testAddEnd_many -->
        <test-method status="SKIP" signature="testAddStart_0(listInterfes.EList)[pri:0, instance:testMetod.EListTestNGPrm@548b7f67]" name="testAddStart_0" duration-ms="0" started-at="2016-08-04T16:42:30Z" data-provider="mainList" finished-at="2016-08-04T16:42:30Z">
          <exception class="java.lang.NoClassDefFoundError">
            <message>
              <![CDATA[com/google/common/primitives/Ints]]>
            </message>
            <full-stacktrace>
              <![CDATA[java.lang.NoClassDefFoundError: com/google/common/primitives/Ints
	at org.testng.internal.annotations.JDK15TagFactory.createDataProviderTag(JDK15TagFactory.java:335)
	at org.testng.internal.annotations.JDK15TagFactory.createTag(JDK15TagFactory.java:59)
	at org.testng.internal.annotations.JDK15AnnotationFinder.findAnnotation(JDK15AnnotationFinder.java:217)
	at org.testng.internal.annotations.JDK15AnnotationFinder.findAnnotation(JDK15AnnotationFinder.java:111)
	at org.testng.internal.Parameters.findDataProvider(Parameters.java:326)
	at org.testng.internal.Parameters.findDataProvider(Parameters.java:261)
	at org.testng.internal.Parameters.handleParameters(Parameters.java:418)
	at org.testng.internal.Invoker.handleParameters(Invoker.java:1240)
	at org.testng.internal.Invoker.createParameters(Invoker.java:980)
	at org.testng.internal.Invoker.invokeTestMethods(Invoker.java:1070)
	at org.testng.internal.TestMethodWorker.invokeTestMethods(TestMethodWorker.java:129)
	at org.testng.internal.TestMethodWorker.run(TestMethodWorker.java:112)
	at org.testng.TestRunner.privateRun(TestRunner.java:746)
	at org.testng.TestRunner.run(TestRunner.java:600)
	at org.testng.SuiteRunner.runTest(SuiteRunner.java:366)
	at org.testng.SuiteRunner.runSequentially(SuiteRunner.java:361)
	at org.testng.SuiteRunner.privateRun(SuiteRunner.java:319)
	at org.testng.SuiteRunner.run(SuiteRunner.java:268)
	at org.testng.SuiteRunnerWorker.runSuite(SuiteRunnerWorker.java:52)
	at org.testng.SuiteRunnerWorker.run(SuiteRunnerWorker.java:86)
	at org.testng.TestNG.runSuitesSequentially(TestNG.java:1264)
	at org.testng.TestNG.runSuitesLocally(TestNG.java:1189)
	at org.testng.TestNG.runSuites(TestNG.java:1104)
	at org.testng.TestNG.run(TestNG.java:1076)
	at org.testng.remote.AbstractRemoteTestNG.run(AbstractRemoteTestNG.java:126)
	at org.testng.remote.RemoteTestNG.initAndRun(RemoteTestNG.java:152)
	at org.testng.remote.RemoteTestNG.main(RemoteTestNG.java:57)
]]>
            </full-stacktrace>
          </exception> <!-- java.lang.NoClassDefFoundError -->
          <reporter-output>
          </reporter-output>
        </test-method> <!-- testAddStart_0 -->
        <test-method status="SKIP" signature="testAddStart_1(listInterfes.EList)[pri:0, instance:testMetod.EListTestNGPrm@548b7f67]" name="testAddStart_1" duration-ms="0" started-at="2016-08-04T16:42:30Z" data-provider="mainList" finished-at="2016-08-04T16:42:30Z">
          <exception class="java.lang.NoClassDefFoundError">
            <message>
              <![CDATA[com/google/common/primitives/Ints]]>
            </message>
            <full-stacktrace>
              <![CDATA[java.lang.NoClassDefFoundError: com/google/common/primitives/Ints
	at org.testng.internal.annotations.JDK15TagFactory.createDataProviderTag(JDK15TagFactory.java:335)
	at org.testng.internal.annotations.JDK15TagFactory.createTag(JDK15TagFactory.java:59)
	at org.testng.internal.annotations.JDK15AnnotationFinder.findAnnotation(JDK15AnnotationFinder.java:217)
	at org.testng.internal.annotations.JDK15AnnotationFinder.findAnnotation(JDK15AnnotationFinder.java:111)
	at org.testng.internal.Parameters.findDataProvider(Parameters.java:326)
	at org.testng.internal.Parameters.findDataProvider(Parameters.java:261)
	at org.testng.internal.Parameters.handleParameters(Parameters.java:418)
	at org.testng.internal.Invoker.handleParameters(Invoker.java:1240)
	at org.testng.internal.Invoker.createParameters(Invoker.java:980)
	at org.testng.internal.Invoker.invokeTestMethods(Invoker.java:1070)
	at org.testng.internal.TestMethodWorker.invokeTestMethods(TestMethodWorker.java:129)
	at org.testng.internal.TestMethodWorker.run(TestMethodWorker.java:112)
	at org.testng.TestRunner.privateRun(TestRunner.java:746)
	at org.testng.TestRunner.run(TestRunner.java:600)
	at org.testng.SuiteRunner.runTest(SuiteRunner.java:366)
	at org.testng.SuiteRunner.runSequentially(SuiteRunner.java:361)
	at org.testng.SuiteRunner.privateRun(SuiteRunner.java:319)
	at org.testng.SuiteRunner.run(SuiteRunner.java:268)
	at org.testng.SuiteRunnerWorker.runSuite(SuiteRunnerWorker.java:52)
	at org.testng.SuiteRunnerWorker.run(SuiteRunnerWorker.java:86)
	at org.testng.TestNG.runSuitesSequentially(TestNG.java:1264)
	at org.testng.TestNG.runSuitesLocally(TestNG.java:1189)
	at org.testng.TestNG.runSuites(TestNG.java:1104)
	at org.testng.TestNG.run(TestNG.java:1076)
	at org.testng.remote.AbstractRemoteTestNG.run(AbstractRemoteTestNG.java:126)
	at org.testng.remote.RemoteTestNG.initAndRun(RemoteTestNG.java:152)
	at org.testng.remote.RemoteTestNG.main(RemoteTestNG.java:57)
]]>
            </full-stacktrace>
          </exception> <!-- java.lang.NoClassDefFoundError -->
          <reporter-output>
          </reporter-output>
        </test-method> <!-- testAddStart_1 -->
        <test-method status="SKIP" signature="testAddStart_2(listInterfes.EList)[pri:0, instance:testMetod.EListTestNGPrm@548b7f67]" name="testAddStart_2" duration-ms="0" started-at="2016-08-04T16:42:30Z" data-provider="mainList" finished-at="2016-08-04T16:42:30Z">
          <exception class="java.lang.NoClassDefFoundError">
            <message>
              <![CDATA[com/google/common/primitives/Ints]]>
            </message>
            <full-stacktrace>
              <![CDATA[java.lang.NoClassDefFoundError: com/google/common/primitives/Ints
	at org.testng.internal.annotations.JDK15TagFactory.createDataProviderTag(JDK15TagFactory.java:335)
	at org.testng.internal.annotations.JDK15TagFactory.createTag(JDK15TagFactory.java:59)
	at org.testng.internal.annotations.JDK15AnnotationFinder.findAnnotation(JDK15AnnotationFinder.java:217)
	at org.testng.internal.annotations.JDK15AnnotationFinder.findAnnotation(JDK15AnnotationFinder.java:111)
	at org.testng.internal.Parameters.findDataProvider(Parameters.java:326)
	at org.testng.internal.Parameters.findDataProvider(Parameters.java:261)
	at org.testng.internal.Parameters.handleParameters(Parameters.java:418)
	at org.testng.internal.Invoker.handleParameters(Invoker.java:1240)
	at org.testng.internal.Invoker.createParameters(Invoker.java:980)
	at org.testng.internal.Invoker.invokeTestMethods(Invoker.java:1070)
	at org.testng.internal.TestMethodWorker.invokeTestMethods(TestMethodWorker.java:129)
	at org.testng.internal.TestMethodWorker.run(TestMethodWorker.java:112)
	at org.testng.TestRunner.privateRun(TestRunner.java:746)
	at org.testng.TestRunner.run(TestRunner.java:600)
	at org.testng.SuiteRunner.runTest(SuiteRunner.java:366)
	at org.testng.SuiteRunner.runSequentially(SuiteRunner.java:361)
	at org.testng.SuiteRunner.privateRun(SuiteRunner.java:319)
	at org.testng.SuiteRunner.run(SuiteRunner.java:268)
	at org.testng.SuiteRunnerWorker.runSuite(SuiteRunnerWorker.java:52)
	at org.testng.SuiteRunnerWorker.run(SuiteRunnerWorker.java:86)
	at org.testng.TestNG.runSuitesSequentially(TestNG.java:1264)
	at org.testng.TestNG.runSuitesLocally(TestNG.java:1189)
	at org.testng.TestNG.runSuites(TestNG.java:1104)
	at org.testng.TestNG.run(TestNG.java:1076)
	at org.testng.remote.AbstractRemoteTestNG.run(AbstractRemoteTestNG.java:126)
	at org.testng.remote.RemoteTestNG.initAndRun(RemoteTestNG.java:152)
	at org.testng.remote.RemoteTestNG.main(RemoteTestNG.java:57)
]]>
            </full-stacktrace>
          </exception> <!-- java.lang.NoClassDefFoundError -->
          <reporter-output>
          </reporter-output>
        </test-method> <!-- testAddStart_2 -->
        <test-method status="SKIP" signature="testAddStart_many(listInterfes.EList)[pri:0, instance:testMetod.EListTestNGPrm@548b7f67]" name="testAddStart_many" duration-ms="0" started-at="2016-08-04T16:42:30Z" data-provider="mainList" finished-at="2016-08-04T16:42:30Z">
          <exception class="java.lang.NoClassDefFoundError">
            <message>
              <![CDATA[com/google/common/primitives/Ints]]>
            </message>
            <full-stacktrace>
              <![CDATA[java.lang.NoClassDefFoundError: com/google/common/primitives/Ints
	at org.testng.internal.annotations.JDK15TagFactory.createDataProviderTag(JDK15TagFactory.java:335)
	at org.testng.internal.annotations.JDK15TagFactory.createTag(JDK15TagFactory.java:59)
	at org.testng.internal.annotations.JDK15AnnotationFinder.findAnnotation(JDK15AnnotationFinder.java:217)
	at org.testng.internal.annotations.JDK15AnnotationFinder.findAnnotation(JDK15AnnotationFinder.java:111)
	at org.testng.internal.Parameters.findDataProvider(Parameters.java:326)
	at org.testng.internal.Parameters.findDataProvider(Parameters.java:261)
	at org.testng.internal.Parameters.handleParameters(Parameters.java:418)
	at org.testng.internal.Invoker.handleParameters(Invoker.java:1240)
	at org.testng.internal.Invoker.createParameters(Invoker.java:980)
	at org.testng.internal.Invoker.invokeTestMethods(Invoker.java:1070)
	at org.testng.internal.TestMethodWorker.invokeTestMethods(TestMethodWorker.java:129)
	at org.testng.internal.TestMethodWorker.run(TestMethodWorker.java:112)
	at org.testng.TestRunner.privateRun(TestRunner.java:746)
	at org.testng.TestRunner.run(TestRunner.java:600)
	at org.testng.SuiteRunner.runTest(SuiteRunner.java:366)
	at org.testng.SuiteRunner.runSequentially(SuiteRunner.java:361)
	at org.testng.SuiteRunner.privateRun(SuiteRunner.java:319)
	at org.testng.SuiteRunner.run(SuiteRunner.java:268)
	at org.testng.SuiteRunnerWorker.runSuite(SuiteRunnerWorker.java:52)
	at org.testng.SuiteRunnerWorker.run(SuiteRunnerWorker.java:86)
	at org.testng.TestNG.runSuitesSequentially(TestNG.java:1264)
	at org.testng.TestNG.runSuitesLocally(TestNG.java:1189)
	at org.testng.TestNG.runSuites(TestNG.java:1104)
	at org.testng.TestNG.run(TestNG.java:1076)
	at org.testng.remote.AbstractRemoteTestNG.run(AbstractRemoteTestNG.java:126)
	at org.testng.remote.RemoteTestNG.initAndRun(RemoteTestNG.java:152)
	at org.testng.remote.RemoteTestNG.main(RemoteTestNG.java:57)
]]>
            </full-stacktrace>
          </exception> <!-- java.lang.NoClassDefFoundError -->
          <reporter-output>
          </reporter-output>
        </test-method> <!-- testAddStart_many -->
        <test-method status="SKIP" signature="testClear_0(listInterfes.EList)[pri:0, instance:testMetod.EListTestNGPrm@548b7f67]" name="testClear_0" duration-ms="0" started-at="2016-08-04T16:42:30Z" data-provider="mainList" finished-at="2016-08-04T16:42:30Z">
          <exception class="java.lang.NoClassDefFoundError">
            <message>
              <![CDATA[com/google/common/primitives/Ints]]>
            </message>
            <full-stacktrace>
              <![CDATA[java.lang.NoClassDefFoundError: com/google/common/primitives/Ints
	at org.testng.internal.annotations.JDK15TagFactory.createDataProviderTag(JDK15TagFactory.java:335)
	at org.testng.internal.annotations.JDK15TagFactory.createTag(JDK15TagFactory.java:59)
	at org.testng.internal.annotations.JDK15AnnotationFinder.findAnnotation(JDK15AnnotationFinder.java:217)
	at org.testng.internal.annotations.JDK15AnnotationFinder.findAnnotation(JDK15AnnotationFinder.java:111)
	at org.testng.internal.Parameters.findDataProvider(Parameters.java:326)
	at org.testng.internal.Parameters.findDataProvider(Parameters.java:261)
	at org.testng.internal.Parameters.handleParameters(Parameters.java:418)
	at org.testng.internal.Invoker.handleParameters(Invoker.java:1240)
	at org.testng.internal.Invoker.createParameters(Invoker.java:980)
	at org.testng.internal.Invoker.invokeTestMethods(Invoker.java:1070)
	at org.testng.internal.TestMethodWorker.invokeTestMethods(TestMethodWorker.java:129)
	at org.testng.internal.TestMethodWorker.run(TestMethodWorker.java:112)
	at org.testng.TestRunner.privateRun(TestRunner.java:746)
	at org.testng.TestRunner.run(TestRunner.java:600)
	at org.testng.SuiteRunner.runTest(SuiteRunner.java:366)
	at org.testng.SuiteRunner.runSequentially(SuiteRunner.java:361)
	at org.testng.SuiteRunner.privateRun(SuiteRunner.java:319)
	at org.testng.SuiteRunner.run(SuiteRunner.java:268)
	at org.testng.SuiteRunnerWorker.runSuite(SuiteRunnerWorker.java:52)
	at org.testng.SuiteRunnerWorker.run(SuiteRunnerWorker.java:86)
	at org.testng.TestNG.runSuitesSequentially(TestNG.java:1264)
	at org.testng.TestNG.runSuitesLocally(TestNG.java:1189)
	at org.testng.TestNG.runSuites(TestNG.java:1104)
	at org.testng.TestNG.run(TestNG.java:1076)
	at org.testng.remote.AbstractRemoteTestNG.run(AbstractRemoteTestNG.java:126)
	at org.testng.remote.RemoteTestNG.initAndRun(RemoteTestNG.java:152)
	at org.testng.remote.RemoteTestNG.main(RemoteTestNG.java:57)
]]>
            </full-stacktrace>
          </exception> <!-- java.lang.NoClassDefFoundError -->
          <reporter-output>
          </reporter-output>
        </test-method> <!-- testClear_0 -->
        <test-method status="SKIP" signature="testClear_1(listInterfes.EList)[pri:0, instance:testMetod.EListTestNGPrm@548b7f67]" name="testClear_1" duration-ms="0" started-at="2016-08-04T16:42:30Z" data-provider="mainList" finished-at="2016-08-04T16:42:30Z">
          <exception class="java.lang.NoClassDefFoundError">
            <message>
              <![CDATA[com/google/common/primitives/Ints]]>
            </message>
            <full-stacktrace>
              <![CDATA[java.lang.NoClassDefFoundError: com/google/common/primitives/Ints
	at org.testng.internal.annotations.JDK15TagFactory.createDataProviderTag(JDK15TagFactory.java:335)
	at org.testng.internal.annotations.JDK15TagFactory.createTag(JDK15TagFactory.java:59)
	at org.testng.internal.annotations.JDK15AnnotationFinder.findAnnotation(JDK15AnnotationFinder.java:217)
	at org.testng.internal.annotations.JDK15AnnotationFinder.findAnnotation(JDK15AnnotationFinder.java:111)
	at org.testng.internal.Parameters.findDataProvider(Parameters.java:326)
	at org.testng.internal.Parameters.findDataProvider(Parameters.java:261)
	at org.testng.internal.Parameters.handleParameters(Parameters.java:418)
	at org.testng.internal.Invoker.handleParameters(Invoker.java:1240)
	at org.testng.internal.Invoker.createParameters(Invoker.java:980)
	at org.testng.internal.Invoker.invokeTestMethods(Invoker.java:1070)
	at org.testng.internal.TestMethodWorker.invokeTestMethods(TestMethodWorker.java:129)
	at org.testng.internal.TestMethodWorker.run(TestMethodWorker.java:112)
	at org.testng.TestRunner.privateRun(TestRunner.java:746)
	at org.testng.TestRunner.run(TestRunner.java:600)
	at org.testng.SuiteRunner.runTest(SuiteRunner.java:366)
	at org.testng.SuiteRunner.runSequentially(SuiteRunner.java:361)
	at org.testng.SuiteRunner.privateRun(SuiteRunner.java:319)
	at org.testng.SuiteRunner.run(SuiteRunner.java:268)
	at org.testng.SuiteRunnerWorker.runSuite(SuiteRunnerWorker.java:52)
	at org.testng.SuiteRunnerWorker.run(SuiteRunnerWorker.java:86)
	at org.testng.TestNG.runSuitesSequentially(TestNG.java:1264)
	at org.testng.TestNG.runSuitesLocally(TestNG.java:1189)
	at org.testng.TestNG.runSuites(TestNG.java:1104)
	at org.testng.TestNG.run(TestNG.java:1076)
	at org.testng.remote.AbstractRemoteTestNG.run(AbstractRemoteTestNG.java:126)
	at org.testng.remote.RemoteTestNG.initAndRun(RemoteTestNG.java:152)
	at org.testng.remote.RemoteTestNG.main(RemoteTestNG.java:57)
]]>
            </full-stacktrace>
          </exception> <!-- java.lang.NoClassDefFoundError -->
          <reporter-output>
          </reporter-output>
        </test-method> <!-- testClear_1 -->
        <test-method status="SKIP" signature="testClear_2(listInterfes.EList)[pri:0, instance:testMetod.EListTestNGPrm@548b7f67]" name="testClear_2" duration-ms="0" started-at="2016-08-04T16:42:30Z" data-provider="mainList" finished-at="2016-08-04T16:42:30Z">
          <exception class="java.lang.NoClassDefFoundError">
            <message>
              <![CDATA[com/google/common/primitives/Ints]]>
            </message>
            <full-stacktrace>
              <![CDATA[java.lang.NoClassDefFoundError: com/google/common/primitives/Ints
	at org.testng.internal.annotations.JDK15TagFactory.createDataProviderTag(JDK15TagFactory.java:335)
	at org.testng.internal.annotations.JDK15TagFactory.createTag(JDK15TagFactory.java:59)
	at org.testng.internal.annotations.JDK15AnnotationFinder.findAnnotation(JDK15AnnotationFinder.java:217)
	at org.testng.internal.annotations.JDK15AnnotationFinder.findAnnotation(JDK15AnnotationFinder.java:111)
	at org.testng.internal.Parameters.findDataProvider(Parameters.java:326)
	at org.testng.internal.Parameters.findDataProvider(Parameters.java:261)
	at org.testng.internal.Parameters.handleParameters(Parameters.java:418)
	at org.testng.internal.Invoker.handleParameters(Invoker.java:1240)
	at org.testng.internal.Invoker.createParameters(Invoker.java:980)
	at org.testng.internal.Invoker.invokeTestMethods(Invoker.java:1070)
	at org.testng.internal.TestMethodWorker.invokeTestMethods(TestMethodWorker.java:129)
	at org.testng.internal.TestMethodWorker.run(TestMethodWorker.java:112)
	at org.testng.TestRunner.privateRun(TestRunner.java:746)
	at org.testng.TestRunner.run(TestRunner.java:600)
	at org.testng.SuiteRunner.runTest(SuiteRunner.java:366)
	at org.testng.SuiteRunner.runSequentially(SuiteRunner.java:361)
	at org.testng.SuiteRunner.privateRun(SuiteRunner.java:319)
	at org.testng.SuiteRunner.run(SuiteRunner.java:268)
	at org.testng.SuiteRunnerWorker.runSuite(SuiteRunnerWorker.java:52)
	at org.testng.SuiteRunnerWorker.run(SuiteRunnerWorker.java:86)
	at org.testng.TestNG.runSuitesSequentially(TestNG.java:1264)
	at org.testng.TestNG.runSuitesLocally(TestNG.java:1189)
	at org.testng.TestNG.runSuites(TestNG.java:1104)
	at org.testng.TestNG.run(TestNG.java:1076)
	at org.testng.remote.AbstractRemoteTestNG.run(AbstractRemoteTestNG.java:126)
	at org.testng.remote.RemoteTestNG.initAndRun(RemoteTestNG.java:152)
	at org.testng.remote.RemoteTestNG.main(RemoteTestNG.java:57)
]]>
            </full-stacktrace>
          </exception> <!-- java.lang.NoClassDefFoundError -->
          <reporter-output>
          </reporter-output>
        </test-method> <!-- testClear_2 -->
        <test-method status="SKIP" signature="testClear_many(listInterfes.EList)[pri:0, instance:testMetod.EListTestNGPrm@548b7f67]" name="testClear_many" duration-ms="0" started-at="2016-08-04T16:42:30Z" data-provider="mainList" finished-at="2016-08-04T16:42:30Z">
          <exception class="java.lang.NoClassDefFoundError">
            <message>
              <![CDATA[com/google/common/primitives/Ints]]>
            </message>
            <full-stacktrace>
              <![CDATA[java.lang.NoClassDefFoundError: com/google/common/primitives/Ints
	at org.testng.internal.annotations.JDK15TagFactory.createDataProviderTag(JDK15TagFactory.java:335)
	at org.testng.internal.annotations.JDK15TagFactory.createTag(JDK15TagFactory.java:59)
	at org.testng.internal.annotations.JDK15AnnotationFinder.findAnnotation(JDK15AnnotationFinder.java:217)
	at org.testng.internal.annotations.JDK15AnnotationFinder.findAnnotation(JDK15AnnotationFinder.java:111)
	at org.testng.internal.Parameters.findDataProvider(Parameters.java:326)
	at org.testng.internal.Parameters.findDataProvider(Parameters.java:261)
	at org.testng.internal.Parameters.handleParameters(Parameters.java:418)
	at org.testng.internal.Invoker.handleParameters(Invoker.java:1240)
	at org.testng.internal.Invoker.createParameters(Invoker.java:980)
	at org.testng.internal.Invoker.invokeTestMethods(Invoker.java:1070)
	at org.testng.internal.TestMethodWorker.invokeTestMethods(TestMethodWorker.java:129)
	at org.testng.internal.TestMethodWorker.run(TestMethodWorker.java:112)
	at org.testng.TestRunner.privateRun(TestRunner.java:746)
	at org.testng.TestRunner.run(TestRunner.java:600)
	at org.testng.SuiteRunner.runTest(SuiteRunner.java:366)
	at org.testng.SuiteRunner.runSequentially(SuiteRunner.java:361)
	at org.testng.SuiteRunner.privateRun(SuiteRunner.java:319)
	at org.testng.SuiteRunner.run(SuiteRunner.java:268)
	at org.testng.SuiteRunnerWorker.runSuite(SuiteRunnerWorker.java:52)
	at org.testng.SuiteRunnerWorker.run(SuiteRunnerWorker.java:86)
	at org.testng.TestNG.runSuitesSequentially(TestNG.java:1264)
	at org.testng.TestNG.runSuitesLocally(TestNG.java:1189)
	at org.testng.TestNG.runSuites(TestNG.java:1104)
	at org.testng.TestNG.run(TestNG.java:1076)
	at org.testng.remote.AbstractRemoteTestNG.run(AbstractRemoteTestNG.java:126)
	at org.testng.remote.RemoteTestNG.initAndRun(RemoteTestNG.java:152)
	at org.testng.remote.RemoteTestNG.main(RemoteTestNG.java:57)
]]>
            </full-stacktrace>
          </exception> <!-- java.lang.NoClassDefFoundError -->
          <reporter-output>
          </reporter-output>
        </test-method> <!-- testClear_many -->
        <test-method status="SKIP" signature="testInit_0(listInterfes.EList)[pri:0, instance:testMetod.EListTestNGPrm@548b7f67]" name="testInit_0" duration-ms="0" started-at="2016-08-04T16:42:30Z" data-provider="mainList" finished-at="2016-08-04T16:42:30Z">
          <exception class="java.lang.NoClassDefFoundError">
            <message>
              <![CDATA[com/google/common/primitives/Ints]]>
            </message>
            <full-stacktrace>
              <![CDATA[java.lang.NoClassDefFoundError: com/google/common/primitives/Ints
	at org.testng.internal.annotations.JDK15TagFactory.createDataProviderTag(JDK15TagFactory.java:335)
	at org.testng.internal.annotations.JDK15TagFactory.createTag(JDK15TagFactory.java:59)
	at org.testng.internal.annotations.JDK15AnnotationFinder.findAnnotation(JDK15AnnotationFinder.java:217)
	at org.testng.internal.annotations.JDK15AnnotationFinder.findAnnotation(JDK15AnnotationFinder.java:111)
	at org.testng.internal.Parameters.findDataProvider(Parameters.java:326)
	at org.testng.internal.Parameters.findDataProvider(Parameters.java:261)
	at org.testng.internal.Parameters.handleParameters(Parameters.java:418)
	at org.testng.internal.Invoker.handleParameters(Invoker.java:1240)
	at org.testng.internal.Invoker.createParameters(Invoker.java:980)
	at org.testng.internal.Invoker.invokeTestMethods(Invoker.java:1070)
	at org.testng.internal.TestMethodWorker.invokeTestMethods(TestMethodWorker.java:129)
	at org.testng.internal.TestMethodWorker.run(TestMethodWorker.java:112)
	at org.testng.TestRunner.privateRun(TestRunner.java:746)
	at org.testng.TestRunner.run(TestRunner.java:600)
	at org.testng.SuiteRunner.runTest(SuiteRunner.java:366)
	at org.testng.SuiteRunner.runSequentially(SuiteRunner.java:361)
	at org.testng.SuiteRunner.privateRun(SuiteRunner.java:319)
	at org.testng.SuiteRunner.run(SuiteRunner.java:268)
	at org.testng.SuiteRunnerWorker.runSuite(SuiteRunnerWorker.java:52)
	at org.testng.SuiteRunnerWorker.run(SuiteRunnerWorker.java:86)
	at org.testng.TestNG.runSuitesSequentially(TestNG.java:1264)
	at org.testng.TestNG.runSuitesLocally(TestNG.java:1189)
	at org.testng.TestNG.runSuites(TestNG.java:1104)
	at org.testng.TestNG.run(TestNG.java:1076)
	at org.testng.remote.AbstractRemoteTestNG.run(AbstractRemoteTestNG.java:126)
	at org.testng.remote.RemoteTestNG.initAndRun(RemoteTestNG.java:152)
	at org.testng.remote.RemoteTestNG.main(RemoteTestNG.java:57)
]]>
            </full-stacktrace>
          </exception> <!-- java.lang.NoClassDefFoundError -->
          <reporter-output>
          </reporter-output>
        </test-method> <!-- testInit_0 -->
        <test-method status="SKIP" signature="testInit_1(listInterfes.EList)[pri:0, instance:testMetod.EListTestNGPrm@548b7f67]" name="testInit_1" duration-ms="0" started-at="2016-08-04T16:42:30Z" data-provider="mainList" finished-at="2016-08-04T16:42:30Z">
          <exception class="java.lang.NoClassDefFoundError">
            <message>
              <![CDATA[com/google/common/primitives/Ints]]>
            </message>
            <full-stacktrace>
              <![CDATA[java.lang.NoClassDefFoundError: com/google/common/primitives/Ints
	at org.testng.internal.annotations.JDK15TagFactory.createDataProviderTag(JDK15TagFactory.java:335)
	at org.testng.internal.annotations.JDK15TagFactory.createTag(JDK15TagFactory.java:59)
	at org.testng.internal.annotations.JDK15AnnotationFinder.findAnnotation(JDK15AnnotationFinder.java:217)
	at org.testng.internal.annotations.JDK15AnnotationFinder.findAnnotation(JDK15AnnotationFinder.java:111)
	at org.testng.internal.Parameters.findDataProvider(Parameters.java:326)
	at org.testng.internal.Parameters.findDataProvider(Parameters.java:261)
	at org.testng.internal.Parameters.handleParameters(Parameters.java:418)
	at org.testng.internal.Invoker.handleParameters(Invoker.java:1240)
	at org.testng.internal.Invoker.createParameters(Invoker.java:980)
	at org.testng.internal.Invoker.invokeTestMethods(Invoker.java:1070)
	at org.testng.internal.TestMethodWorker.invokeTestMethods(TestMethodWorker.java:129)
	at org.testng.internal.TestMethodWorker.run(TestMethodWorker.java:112)
	at org.testng.TestRunner.privateRun(TestRunner.java:746)
	at org.testng.TestRunner.run(TestRunner.java:600)
	at org.testng.SuiteRunner.runTest(SuiteRunner.java:366)
	at org.testng.SuiteRunner.runSequentially(SuiteRunner.java:361)
	at org.testng.SuiteRunner.privateRun(SuiteRunner.java:319)
	at org.testng.SuiteRunner.run(SuiteRunner.java:268)
	at org.testng.SuiteRunnerWorker.runSuite(SuiteRunnerWorker.java:52)
	at org.testng.SuiteRunnerWorker.run(SuiteRunnerWorker.java:86)
	at org.testng.TestNG.runSuitesSequentially(TestNG.java:1264)
	at org.testng.TestNG.runSuitesLocally(TestNG.java:1189)
	at org.testng.TestNG.runSuites(TestNG.java:1104)
	at org.testng.TestNG.run(TestNG.java:1076)
	at org.testng.remote.AbstractRemoteTestNG.run(AbstractRemoteTestNG.java:126)
	at org.testng.remote.RemoteTestNG.initAndRun(RemoteTestNG.java:152)
	at org.testng.remote.RemoteTestNG.main(RemoteTestNG.java:57)
]]>
            </full-stacktrace>
          </exception> <!-- java.lang.NoClassDefFoundError -->
          <reporter-output>
          </reporter-output>
        </test-method> <!-- testInit_1 -->
        <test-method status="SKIP" signature="testInit_2(listInterfes.EList)[pri:0, instance:testMetod.EListTestNGPrm@548b7f67]" name="testInit_2" duration-ms="0" started-at="2016-08-04T16:42:30Z" data-provider="mainList" finished-at="2016-08-04T16:42:30Z">
          <exception class="java.lang.NoClassDefFoundError">
            <message>
              <![CDATA[com/google/common/primitives/Ints]]>
            </message>
            <full-stacktrace>
              <![CDATA[java.lang.NoClassDefFoundError: com/google/common/primitives/Ints
	at org.testng.internal.annotations.JDK15TagFactory.createDataProviderTag(JDK15TagFactory.java:335)
	at org.testng.internal.annotations.JDK15TagFactory.createTag(JDK15TagFactory.java:59)
	at org.testng.internal.annotations.JDK15AnnotationFinder.findAnnotation(JDK15AnnotationFinder.java:217)
	at org.testng.internal.annotations.JDK15AnnotationFinder.findAnnotation(JDK15AnnotationFinder.java:111)
	at org.testng.internal.Parameters.findDataProvider(Parameters.java:326)
	at org.testng.internal.Parameters.findDataProvider(Parameters.java:261)
	at org.testng.internal.Parameters.handleParameters(Parameters.java:418)
	at org.testng.internal.Invoker.handleParameters(Invoker.java:1240)
	at org.testng.internal.Invoker.createParameters(Invoker.java:980)
	at org.testng.internal.Invoker.invokeTestMethods(Invoker.java:1070)
	at org.testng.internal.TestMethodWorker.invokeTestMethods(TestMethodWorker.java:129)
	at org.testng.internal.TestMethodWorker.run(TestMethodWorker.java:112)
	at org.testng.TestRunner.privateRun(TestRunner.java:746)
	at org.testng.TestRunner.run(TestRunner.java:600)
	at org.testng.SuiteRunner.runTest(SuiteRunner.java:366)
	at org.testng.SuiteRunner.runSequentially(SuiteRunner.java:361)
	at org.testng.SuiteRunner.privateRun(SuiteRunner.java:319)
	at org.testng.SuiteRunner.run(SuiteRunner.java:268)
	at org.testng.SuiteRunnerWorker.runSuite(SuiteRunnerWorker.java:52)
	at org.testng.SuiteRunnerWorker.run(SuiteRunnerWorker.java:86)
	at org.testng.TestNG.runSuitesSequentially(TestNG.java:1264)
	at org.testng.TestNG.runSuitesLocally(TestNG.java:1189)
	at org.testng.TestNG.runSuites(TestNG.java:1104)
	at org.testng.TestNG.run(TestNG.java:1076)
	at org.testng.remote.AbstractRemoteTestNG.run(AbstractRemoteTestNG.java:126)
	at org.testng.remote.RemoteTestNG.initAndRun(RemoteTestNG.java:152)
	at org.testng.remote.RemoteTestNG.main(RemoteTestNG.java:57)
]]>
            </full-stacktrace>
          </exception> <!-- java.lang.NoClassDefFoundError -->
          <reporter-output>
          </reporter-output>
        </test-method> <!-- testInit_2 -->
        <test-method status="SKIP" signature="testInit_many(listInterfes.EList)[pri:0, instance:testMetod.EListTestNGPrm@548b7f67]" name="testInit_many" duration-ms="0" started-at="2016-08-04T16:42:30Z" data-provider="mainList" finished-at="2016-08-04T16:42:30Z">
          <exception class="java.lang.NoClassDefFoundError">
            <message>
              <![CDATA[com/google/common/primitives/Ints]]>
            </message>
            <full-stacktrace>
              <![CDATA[java.lang.NoClassDefFoundError: com/google/common/primitives/Ints
	at org.testng.internal.annotations.JDK15TagFactory.createDataProviderTag(JDK15TagFactory.java:335)
	at org.testng.internal.annotations.JDK15TagFactory.createTag(JDK15TagFactory.java:59)
	at org.testng.internal.annotations.JDK15AnnotationFinder.findAnnotation(JDK15AnnotationFinder.java:217)
	at org.testng.internal.annotations.JDK15AnnotationFinder.findAnnotation(JDK15AnnotationFinder.java:111)
	at org.testng.internal.Parameters.findDataProvider(Parameters.java:326)
	at org.testng.internal.Parameters.findDataProvider(Parameters.java:261)
	at org.testng.internal.Parameters.handleParameters(Parameters.java:418)
	at org.testng.internal.Invoker.handleParameters(Invoker.java:1240)
	at org.testng.internal.Invoker.createParameters(Invoker.java:980)
	at org.testng.internal.Invoker.invokeTestMethods(Invoker.java:1070)
	at org.testng.internal.TestMethodWorker.invokeTestMethods(TestMethodWorker.java:129)
	at org.testng.internal.TestMethodWorker.run(TestMethodWorker.java:112)
	at org.testng.TestRunner.privateRun(TestRunner.java:746)
	at org.testng.TestRunner.run(TestRunner.java:600)
	at org.testng.SuiteRunner.runTest(SuiteRunner.java:366)
	at org.testng.SuiteRunner.runSequentially(SuiteRunner.java:361)
	at org.testng.SuiteRunner.privateRun(SuiteRunner.java:319)
	at org.testng.SuiteRunner.run(SuiteRunner.java:268)
	at org.testng.SuiteRunnerWorker.runSuite(SuiteRunnerWorker.java:52)
	at org.testng.SuiteRunnerWorker.run(SuiteRunnerWorker.java:86)
	at org.testng.TestNG.runSuitesSequentially(TestNG.java:1264)
	at org.testng.TestNG.runSuitesLocally(TestNG.java:1189)
	at org.testng.TestNG.runSuites(TestNG.java:1104)
	at org.testng.TestNG.run(TestNG.java:1076)
	at org.testng.remote.AbstractRemoteTestNG.run(AbstractRemoteTestNG.java:126)
	at org.testng.remote.RemoteTestNG.initAndRun(RemoteTestNG.java:152)
	at org.testng.remote.RemoteTestNG.main(RemoteTestNG.java:57)
]]>
            </full-stacktrace>
          </exception> <!-- java.lang.NoClassDefFoundError -->
          <reporter-output>
          </reporter-output>
        </test-method> <!-- testInit_many -->
        <test-method status="SKIP" signature="testInit_null(listInterfes.EList)[pri:0, instance:testMetod.EListTestNGPrm@548b7f67]" name="testInit_null" duration-ms="0" started-at="2016-08-04T16:42:30Z" data-provider="mainList" finished-at="2016-08-04T16:42:30Z">
          <exception class="java.lang.NoClassDefFoundError">
            <message>
              <![CDATA[com/google/common/primitives/Ints]]>
            </message>
            <full-stacktrace>
              <![CDATA[java.lang.NoClassDefFoundError: com/google/common/primitives/Ints
	at org.testng.internal.annotations.JDK15TagFactory.createDataProviderTag(JDK15TagFactory.java:335)
	at org.testng.internal.annotations.JDK15TagFactory.createTag(JDK15TagFactory.java:59)
	at org.testng.internal.annotations.JDK15AnnotationFinder.findAnnotation(JDK15AnnotationFinder.java:217)
	at org.testng.internal.annotations.JDK15AnnotationFinder.findAnnotation(JDK15AnnotationFinder.java:111)
	at org.testng.internal.Parameters.findDataProvider(Parameters.java:326)
	at org.testng.internal.Parameters.findDataProvider(Parameters.java:261)
	at org.testng.internal.Parameters.handleParameters(Parameters.java:418)
	at org.testng.internal.Invoker.handleParameters(Invoker.java:1240)
	at org.testng.internal.Invoker.createParameters(Invoker.java:980)
	at org.testng.internal.Invoker.invokeTestMethods(Invoker.java:1070)
	at org.testng.internal.TestMethodWorker.invokeTestMethods(TestMethodWorker.java:129)
	at org.testng.internal.TestMethodWorker.run(TestMethodWorker.java:112)
	at org.testng.TestRunner.privateRun(TestRunner.java:746)
	at org.testng.TestRunner.run(TestRunner.java:600)
	at org.testng.SuiteRunner.runTest(SuiteRunner.java:366)
	at org.testng.SuiteRunner.runSequentially(SuiteRunner.java:361)
	at org.testng.SuiteRunner.privateRun(SuiteRunner.java:319)
	at org.testng.SuiteRunner.run(SuiteRunner.java:268)
	at org.testng.SuiteRunnerWorker.runSuite(SuiteRunnerWorker.java:52)
	at org.testng.SuiteRunnerWorker.run(SuiteRunnerWorker.java:86)
	at org.testng.TestNG.runSuitesSequentially(TestNG.java:1264)
	at org.testng.TestNG.runSuitesLocally(TestNG.java:1189)
	at org.testng.TestNG.runSuites(TestNG.java:1104)
	at org.testng.TestNG.run(TestNG.java:1076)
	at org.testng.remote.AbstractRemoteTestNG.run(AbstractRemoteTestNG.java:126)
	at org.testng.remote.RemoteTestNG.initAndRun(RemoteTestNG.java:152)
	at org.testng.remote.RemoteTestNG.main(RemoteTestNG.java:57)
]]>
            </full-stacktrace>
          </exception> <!-- java.lang.NoClassDefFoundError -->
          <reporter-output>
          </reporter-output>
        </test-method> <!-- testInit_null -->
        <test-method status="SKIP" signature="testMax_0(listInterfes.EList)[pri:0, instance:testMetod.EListTestNGPrm@548b7f67]" name="testMax_0" duration-ms="0" started-at="2016-08-04T16:42:30Z" data-provider="mainList" finished-at="2016-08-04T16:42:30Z">
          <exception class="java.lang.NoClassDefFoundError">
            <message>
              <![CDATA[com/google/common/primitives/Ints]]>
            </message>
            <full-stacktrace>
              <![CDATA[java.lang.NoClassDefFoundError: com/google/common/primitives/Ints
	at org.testng.internal.annotations.JDK15TagFactory.createDataProviderTag(JDK15TagFactory.java:335)
	at org.testng.internal.annotations.JDK15TagFactory.createTag(JDK15TagFactory.java:59)
	at org.testng.internal.annotations.JDK15AnnotationFinder.findAnnotation(JDK15AnnotationFinder.java:217)
	at org.testng.internal.annotations.JDK15AnnotationFinder.findAnnotation(JDK15AnnotationFinder.java:111)
	at org.testng.internal.Parameters.findDataProvider(Parameters.java:326)
	at org.testng.internal.Parameters.findDataProvider(Parameters.java:261)
	at org.testng.internal.Parameters.handleParameters(Parameters.java:418)
	at org.testng.internal.Invoker.handleParameters(Invoker.java:1240)
	at org.testng.internal.Invoker.createParameters(Invoker.java:980)
	at org.testng.internal.Invoker.invokeTestMethods(Invoker.java:1070)
	at org.testng.internal.TestMethodWorker.invokeTestMethods(TestMethodWorker.java:129)
	at org.testng.internal.TestMethodWorker.run(TestMethodWorker.java:112)
	at org.testng.TestRunner.privateRun(TestRunner.java:746)
	at org.testng.TestRunner.run(TestRunner.java:600)
	at org.testng.SuiteRunner.runTest(SuiteRunner.java:366)
	at org.testng.SuiteRunner.runSequentially(SuiteRunner.java:361)
	at org.testng.SuiteRunner.privateRun(SuiteRunner.java:319)
	at org.testng.SuiteRunner.run(SuiteRunner.java:268)
	at org.testng.SuiteRunnerWorker.runSuite(SuiteRunnerWorker.java:52)
	at org.testng.SuiteRunnerWorker.run(SuiteRunnerWorker.java:86)
	at org.testng.TestNG.runSuitesSequentially(TestNG.java:1264)
	at org.testng.TestNG.runSuitesLocally(TestNG.java:1189)
	at org.testng.TestNG.runSuites(TestNG.java:1104)
	at org.testng.TestNG.run(TestNG.java:1076)
	at org.testng.remote.AbstractRemoteTestNG.run(AbstractRemoteTestNG.java:126)
	at org.testng.remote.RemoteTestNG.initAndRun(RemoteTestNG.java:152)
	at org.testng.remote.RemoteTestNG.main(RemoteTestNG.java:57)
]]>
            </full-stacktrace>
          </exception> <!-- java.lang.NoClassDefFoundError -->
          <reporter-output>
          </reporter-output>
        </test-method> <!-- testMax_0 -->
        <test-method status="SKIP" signature="testMax_1(listInterfes.EList)[pri:0, instance:testMetod.EListTestNGPrm@548b7f67]" name="testMax_1" duration-ms="0" started-at="2016-08-04T16:42:30Z" data-provider="mainList" finished-at="2016-08-04T16:42:30Z">
          <exception class="java.lang.NoClassDefFoundError">
            <message>
              <![CDATA[com/google/common/primitives/Ints]]>
            </message>
            <full-stacktrace>
              <![CDATA[java.lang.NoClassDefFoundError: com/google/common/primitives/Ints
	at org.testng.internal.annotations.JDK15TagFactory.createDataProviderTag(JDK15TagFactory.java:335)
	at org.testng.internal.annotations.JDK15TagFactory.createTag(JDK15TagFactory.java:59)
	at org.testng.internal.annotations.JDK15AnnotationFinder.findAnnotation(JDK15AnnotationFinder.java:217)
	at org.testng.internal.annotations.JDK15AnnotationFinder.findAnnotation(JDK15AnnotationFinder.java:111)
	at org.testng.internal.Parameters.findDataProvider(Parameters.java:326)
	at org.testng.internal.Parameters.findDataProvider(Parameters.java:261)
	at org.testng.internal.Parameters.handleParameters(Parameters.java:418)
	at org.testng.internal.Invoker.handleParameters(Invoker.java:1240)
	at org.testng.internal.Invoker.createParameters(Invoker.java:980)
	at org.testng.internal.Invoker.invokeTestMethods(Invoker.java:1070)
	at org.testng.internal.TestMethodWorker.invokeTestMethods(TestMethodWorker.java:129)
	at org.testng.internal.TestMethodWorker.run(TestMethodWorker.java:112)
	at org.testng.TestRunner.privateRun(TestRunner.java:746)
	at org.testng.TestRunner.run(TestRunner.java:600)
	at org.testng.SuiteRunner.runTest(SuiteRunner.java:366)
	at org.testng.SuiteRunner.runSequentially(SuiteRunner.java:361)
	at org.testng.SuiteRunner.privateRun(SuiteRunner.java:319)
	at org.testng.SuiteRunner.run(SuiteRunner.java:268)
	at org.testng.SuiteRunnerWorker.runSuite(SuiteRunnerWorker.java:52)
	at org.testng.SuiteRunnerWorker.run(SuiteRunnerWorker.java:86)
	at org.testng.TestNG.runSuitesSequentially(TestNG.java:1264)
	at org.testng.TestNG.runSuitesLocally(TestNG.java:1189)
	at org.testng.TestNG.runSuites(TestNG.java:1104)
	at org.testng.TestNG.run(TestNG.java:1076)
	at org.testng.remote.AbstractRemoteTestNG.run(AbstractRemoteTestNG.java:126)
	at org.testng.remote.RemoteTestNG.initAndRun(RemoteTestNG.java:152)
	at org.testng.remote.RemoteTestNG.main(RemoteTestNG.java:57)
]]>
            </full-stacktrace>
          </exception> <!-- java.lang.NoClassDefFoundError -->
          <reporter-output>
          </reporter-output>
        </test-method> <!-- testMax_1 -->
        <test-method status="SKIP" signature="testMax_2(listInterfes.EList)[pri:0, instance:testMetod.EListTestNGPrm@548b7f67]" name="testMax_2" duration-ms="0" started-at="2016-08-04T16:42:30Z" data-provider="mainList" finished-at="2016-08-04T16:42:30Z">
          <exception class="java.lang.NoClassDefFoundError">
            <message>
              <![CDATA[com/google/common/primitives/Ints]]>
            </message>
            <full-stacktrace>
              <![CDATA[java.lang.NoClassDefFoundError: com/google/common/primitives/Ints
	at org.testng.internal.annotations.JDK15TagFactory.createDataProviderTag(JDK15TagFactory.java:335)
	at org.testng.internal.annotations.JDK15TagFactory.createTag(JDK15TagFactory.java:59)
	at org.testng.internal.annotations.JDK15AnnotationFinder.findAnnotation(JDK15AnnotationFinder.java:217)
	at org.testng.internal.annotations.JDK15AnnotationFinder.findAnnotation(JDK15AnnotationFinder.java:111)
	at org.testng.internal.Parameters.findDataProvider(Parameters.java:326)
	at org.testng.internal.Parameters.findDataProvider(Parameters.java:261)
	at org.testng.internal.Parameters.handleParameters(Parameters.java:418)
	at org.testng.internal.Invoker.handleParameters(Invoker.java:1240)
	at org.testng.internal.Invoker.createParameters(Invoker.java:980)
	at org.testng.internal.Invoker.invokeTestMethods(Invoker.java:1070)
	at org.testng.internal.TestMethodWorker.invokeTestMethods(TestMethodWorker.java:129)
	at org.testng.internal.TestMethodWorker.run(TestMethodWorker.java:112)
	at org.testng.TestRunner.privateRun(TestRunner.java:746)
	at org.testng.TestRunner.run(TestRunner.java:600)
	at org.testng.SuiteRunner.runTest(SuiteRunner.java:366)
	at org.testng.SuiteRunner.runSequentially(SuiteRunner.java:361)
	at org.testng.SuiteRunner.privateRun(SuiteRunner.java:319)
	at org.testng.SuiteRunner.run(SuiteRunner.java:268)
	at org.testng.SuiteRunnerWorker.runSuite(SuiteRunnerWorker.java:52)
	at org.testng.SuiteRunnerWorker.run(SuiteRunnerWorker.java:86)
	at org.testng.TestNG.runSuitesSequentially(TestNG.java:1264)
	at org.testng.TestNG.runSuitesLocally(TestNG.java:1189)
	at org.testng.TestNG.runSuites(TestNG.java:1104)
	at org.testng.TestNG.run(TestNG.java:1076)
	at org.testng.remote.AbstractRemoteTestNG.run(AbstractRemoteTestNG.java:126)
	at org.testng.remote.RemoteTestNG.initAndRun(RemoteTestNG.java:152)
	at org.testng.remote.RemoteTestNG.main(RemoteTestNG.java:57)
]]>
            </full-stacktrace>
          </exception> <!-- java.lang.NoClassDefFoundError -->
          <reporter-output>
          </reporter-output>
        </test-method> <!-- testMax_2 -->
        <test-method status="SKIP" signature="testMax_many(listInterfes.EList)[pri:0, instance:testMetod.EListTestNGPrm@548b7f67]" name="testMax_many" duration-ms="0" started-at="2016-08-04T16:42:30Z" data-provider="mainList" finished-at="2016-08-04T16:42:30Z">
          <exception class="java.lang.NoClassDefFoundError">
            <message>
              <![CDATA[com/google/common/primitives/Ints]]>
            </message>
            <full-stacktrace>
              <![CDATA[java.lang.NoClassDefFoundError: com/google/common/primitives/Ints
	at org.testng.internal.annotations.JDK15TagFactory.createDataProviderTag(JDK15TagFactory.java:335)
	at org.testng.internal.annotations.JDK15TagFactory.createTag(JDK15TagFactory.java:59)
	at org.testng.internal.annotations.JDK15AnnotationFinder.findAnnotation(JDK15AnnotationFinder.java:217)
	at org.testng.internal.annotations.JDK15AnnotationFinder.findAnnotation(JDK15AnnotationFinder.java:111)
	at org.testng.internal.Parameters.findDataProvider(Parameters.java:326)
	at org.testng.internal.Parameters.findDataProvider(Parameters.java:261)
	at org.testng.internal.Parameters.handleParameters(Parameters.java:418)
	at org.testng.internal.Invoker.handleParameters(Invoker.java:1240)
	at org.testng.internal.Invoker.createParameters(Invoker.java:980)
	at org.testng.internal.Invoker.invokeTestMethods(Invoker.java:1070)
	at org.testng.internal.TestMethodWorker.invokeTestMethods(TestMethodWorker.java:129)
	at org.testng.internal.TestMethodWorker.run(TestMethodWorker.java:112)
	at org.testng.TestRunner.privateRun(TestRunner.java:746)
	at org.testng.TestRunner.run(TestRunner.java:600)
	at org.testng.SuiteRunner.runTest(SuiteRunner.java:366)
	at org.testng.SuiteRunner.runSequentially(SuiteRunner.java:361)
	at org.testng.SuiteRunner.privateRun(SuiteRunner.java:319)
	at org.testng.SuiteRunner.run(SuiteRunner.java:268)
	at org.testng.SuiteRunnerWorker.runSuite(SuiteRunnerWorker.java:52)
	at org.testng.SuiteRunnerWorker.run(SuiteRunnerWorker.java:86)
	at org.testng.TestNG.runSuitesSequentially(TestNG.java:1264)
	at org.testng.TestNG.runSuitesLocally(TestNG.java:1189)
	at org.testng.TestNG.runSuites(TestNG.java:1104)
	at org.testng.TestNG.run(TestNG.java:1076)
	at org.testng.remote.AbstractRemoteTestNG.run(AbstractRemoteTestNG.java:126)
	at org.testng.remote.RemoteTestNG.initAndRun(RemoteTestNG.java:152)
	at org.testng.remote.RemoteTestNG.main(RemoteTestNG.java:57)
]]>
            </full-stacktrace>
          </exception> <!-- java.lang.NoClassDefFoundError -->
          <reporter-output>
          </reporter-output>
        </test-method> <!-- testMax_many -->
        <test-method status="SKIP" signature="testMin_0(listInterfes.EList)[pri:0, instance:testMetod.EListTestNGPrm@548b7f67]" name="testMin_0" duration-ms="0" started-at="2016-08-04T16:42:30Z" data-provider="mainList" finished-at="2016-08-04T16:42:30Z">
          <exception class="java.lang.NoClassDefFoundError">
            <message>
              <![CDATA[com/google/common/primitives/Ints]]>
            </message>
            <full-stacktrace>
              <![CDATA[java.lang.NoClassDefFoundError: com/google/common/primitives/Ints
	at org.testng.internal.annotations.JDK15TagFactory.createDataProviderTag(JDK15TagFactory.java:335)
	at org.testng.internal.annotations.JDK15TagFactory.createTag(JDK15TagFactory.java:59)
	at org.testng.internal.annotations.JDK15AnnotationFinder.findAnnotation(JDK15AnnotationFinder.java:217)
	at org.testng.internal.annotations.JDK15AnnotationFinder.findAnnotation(JDK15AnnotationFinder.java:111)
	at org.testng.internal.Parameters.findDataProvider(Parameters.java:326)
	at org.testng.internal.Parameters.findDataProvider(Parameters.java:261)
	at org.testng.internal.Parameters.handleParameters(Parameters.java:418)
	at org.testng.internal.Invoker.handleParameters(Invoker.java:1240)
	at org.testng.internal.Invoker.createParameters(Invoker.java:980)
	at org.testng.internal.Invoker.invokeTestMethods(Invoker.java:1070)
	at org.testng.internal.TestMethodWorker.invokeTestMethods(TestMethodWorker.java:129)
	at org.testng.internal.TestMethodWorker.run(TestMethodWorker.java:112)
	at org.testng.TestRunner.privateRun(TestRunner.java:746)
	at org.testng.TestRunner.run(TestRunner.java:600)
	at org.testng.SuiteRunner.runTest(SuiteRunner.java:366)
	at org.testng.SuiteRunner.runSequentially(SuiteRunner.java:361)
	at org.testng.SuiteRunner.privateRun(SuiteRunner.java:319)
	at org.testng.SuiteRunner.run(SuiteRunner.java:268)
	at org.testng.SuiteRunnerWorker.runSuite(SuiteRunnerWorker.java:52)
	at org.testng.SuiteRunnerWorker.run(SuiteRunnerWorker.java:86)
	at org.testng.TestNG.runSuitesSequentially(TestNG.java:1264)
	at org.testng.TestNG.runSuitesLocally(TestNG.java:1189)
	at org.testng.TestNG.runSuites(TestNG.java:1104)
	at org.testng.TestNG.run(TestNG.java:1076)
	at org.testng.remote.AbstractRemoteTestNG.run(AbstractRemoteTestNG.java:126)
	at org.testng.remote.RemoteTestNG.initAndRun(RemoteTestNG.java:152)
	at org.testng.remote.RemoteTestNG.main(RemoteTestNG.java:57)
]]>
            </full-stacktrace>
          </exception> <!-- java.lang.NoClassDefFoundError -->
          <reporter-output>
          </reporter-output>
        </test-method> <!-- testMin_0 -->
        <test-method status="SKIP" signature="testMin_1(listInterfes.EList)[pri:0, instance:testMetod.EListTestNGPrm@548b7f67]" name="testMin_1" duration-ms="0" started-at="2016-08-04T16:42:30Z" data-provider="mainList" finished-at="2016-08-04T16:42:30Z">
          <exception class="java.lang.NoClassDefFoundError">
            <message>
              <![CDATA[com/google/common/primitives/Ints]]>
            </message>
            <full-stacktrace>
              <![CDATA[java.lang.NoClassDefFoundError: com/google/common/primitives/Ints
	at org.testng.internal.annotations.JDK15TagFactory.createDataProviderTag(JDK15TagFactory.java:335)
	at org.testng.internal.annotations.JDK15TagFactory.createTag(JDK15TagFactory.java:59)
	at org.testng.internal.annotations.JDK15AnnotationFinder.findAnnotation(JDK15AnnotationFinder.java:217)
	at org.testng.internal.annotations.JDK15AnnotationFinder.findAnnotation(JDK15AnnotationFinder.java:111)
	at org.testng.internal.Parameters.findDataProvider(Parameters.java:326)
	at org.testng.internal.Parameters.findDataProvider(Parameters.java:261)
	at org.testng.internal.Parameters.handleParameters(Parameters.java:418)
	at org.testng.internal.Invoker.handleParameters(Invoker.java:1240)
	at org.testng.internal.Invoker.createParameters(Invoker.java:980)
	at org.testng.internal.Invoker.invokeTestMethods(Invoker.java:1070)
	at org.testng.internal.TestMethodWorker.invokeTestMethods(TestMethodWorker.java:129)
	at org.testng.internal.TestMethodWorker.run(TestMethodWorker.java:112)
	at org.testng.TestRunner.privateRun(TestRunner.java:746)
	at org.testng.TestRunner.run(TestRunner.java:600)
	at org.testng.SuiteRunner.runTest(SuiteRunner.java:366)
	at org.testng.SuiteRunner.runSequentially(SuiteRunner.java:361)
	at org.testng.SuiteRunner.privateRun(SuiteRunner.java:319)
	at org.testng.SuiteRunner.run(SuiteRunner.java:268)
	at org.testng.SuiteRunnerWorker.runSuite(SuiteRunnerWorker.java:52)
	at org.testng.SuiteRunnerWorker.run(SuiteRunnerWorker.java:86)
	at org.testng.TestNG.runSuitesSequentially(TestNG.java:1264)
	at org.testng.TestNG.runSuitesLocally(TestNG.java:1189)
	at org.testng.TestNG.runSuites(TestNG.java:1104)
	at org.testng.TestNG.run(TestNG.java:1076)
	at org.testng.remote.AbstractRemoteTestNG.run(AbstractRemoteTestNG.java:126)
	at org.testng.remote.RemoteTestNG.initAndRun(RemoteTestNG.java:152)
	at org.testng.remote.RemoteTestNG.main(RemoteTestNG.java:57)
]]>
            </full-stacktrace>
          </exception> <!-- java.lang.NoClassDefFoundError -->
          <reporter-output>
          </reporter-output>
        </test-method> <!-- testMin_1 -->
        <test-method status="SKIP" signature="testMin_2(listInterfes.EList)[pri:0, instance:testMetod.EListTestNGPrm@548b7f67]" name="testMin_2" duration-ms="0" started-at="2016-08-04T16:42:30Z" data-provider="mainList" finished-at="2016-08-04T16:42:30Z">
          <exception class="java.lang.NoClassDefFoundError">
            <message>
              <![CDATA[com/google/common/primitives/Ints]]>
            </message>
            <full-stacktrace>
              <![CDATA[java.lang.NoClassDefFoundError: com/google/common/primitives/Ints
	at org.testng.internal.annotations.JDK15TagFactory.createDataProviderTag(JDK15TagFactory.java:335)
	at org.testng.internal.annotations.JDK15TagFactory.createTag(JDK15TagFactory.java:59)
	at org.testng.internal.annotations.JDK15AnnotationFinder.findAnnotation(JDK15AnnotationFinder.java:217)
	at org.testng.internal.annotations.JDK15AnnotationFinder.findAnnotation(JDK15AnnotationFinder.java:111)
	at org.testng.internal.Parameters.findDataProvider(Parameters.java:326)
	at org.testng.internal.Parameters.findDataProvider(Parameters.java:261)
	at org.testng.internal.Parameters.handleParameters(Parameters.java:418)
	at org.testng.internal.Invoker.handleParameters(Invoker.java:1240)
	at org.testng.internal.Invoker.createParameters(Invoker.java:980)
	at org.testng.internal.Invoker.invokeTestMethods(Invoker.java:1070)
	at org.testng.internal.TestMethodWorker.invokeTestMethods(TestMethodWorker.java:129)
	at org.testng.internal.TestMethodWorker.run(TestMethodWorker.java:112)
	at org.testng.TestRunner.privateRun(TestRunner.java:746)
	at org.testng.TestRunner.run(TestRunner.java:600)
	at org.testng.SuiteRunner.runTest(SuiteRunner.java:366)
	at org.testng.SuiteRunner.runSequentially(SuiteRunner.java:361)
	at org.testng.SuiteRunner.privateRun(SuiteRunner.java:319)
	at org.testng.SuiteRunner.run(SuiteRunner.java:268)
	at org.testng.SuiteRunnerWorker.runSuite(SuiteRunnerWorker.java:52)
	at org.testng.SuiteRunnerWorker.run(SuiteRunnerWorker.java:86)
	at org.testng.TestNG.runSuitesSequentially(TestNG.java:1264)
	at org.testng.TestNG.runSuitesLocally(TestNG.java:1189)
	at org.testng.TestNG.runSuites(TestNG.java:1104)
	at org.testng.TestNG.run(TestNG.java:1076)
	at org.testng.remote.AbstractRemoteTestNG.run(AbstractRemoteTestNG.java:126)
	at org.testng.remote.RemoteTestNG.initAndRun(RemoteTestNG.java:152)
	at org.testng.remote.RemoteTestNG.main(RemoteTestNG.java:57)
]]>
[...]
	at org.testng.internal.Invoker.createParameters(Invoker.java:980)
	at org.testng.internal.Invoker.invokeTestMethods(Invoker.java:1070)
	at org.testng.internal.TestMethodWorker.invokeTestMethods(TestMethodWorker.java:129)
	at org.testng.internal.TestMethodWorker.run(TestMethodWorker.java:112)
	at org.testng.TestRunner.privateRun(TestRunner.java:746)
	at org.testng.TestRunner.run(TestRunner.java:600)
	at org.testng.SuiteRunner.runTest(SuiteRunner.java:366)
	at org.testng.SuiteRunner.runSequentially(SuiteRunner.java:361)
	at org.testng.SuiteRunner.privateRun(SuiteRunner.java:319)
	at org.testng.SuiteRunner.run(SuiteRunner.java:268)
	at org.testng.SuiteRunnerWorker.runSuite(SuiteRunnerWorker.java:52)
	at org.testng.SuiteRunnerWorker.run(SuiteRunnerWorker.java:86)
	at org.testng.TestNG.runSuitesSequentially(TestNG.java:1264)
	at org.testng.TestNG.runSuitesLocally(TestNG.java:1189)
	at org.testng.TestNG.runSuites(TestNG.java:1104)
	at org.testng.TestNG.run(TestNG.java:1076)
	at org.testng.remote.AbstractRemoteTestNG.run(AbstractRemoteTestNG.java:126)
	at org.testng.remote.RemoteTestNG.initAndRun(RemoteTestNG.java:152)
	at org.testng.remote.RemoteTestNG.main(RemoteTestNG.java:57)
]]>
            </full-stacktrace>
          </exception> <!-- java.lang.NoClassDefFoundError -->
          <reporter-output>
          </reporter-output>
        </test-method> <!-- test_maxPos_many -->
        <test-method status="SKIP" signature="test_minPos_1(listInterfes.EList)[pri:0, instance:testMetod.EListTestNGPrm@548b7f67]" name="test_minPos_1" duration-ms="0" started-at="2016-08-04T16:42:30Z" data-provider="mainList" finished-at="2016-08-04T16:42:30Z">
          <exception class="java.lang.NoClassDefFoundError">
            <message>
              <![CDATA[com/google/common/primitives/Ints]]>
            </message>
            <full-stacktrace>
              <![CDATA[java.lang.NoClassDefFoundError: com/google/common/primitives/Ints
	at org.testng.internal.annotations.JDK15TagFactory.createDataProviderTag(JDK15TagFactory.java:335)
	at org.testng.internal.annotations.JDK15TagFactory.createTag(JDK15TagFactory.java:59)
	at org.testng.internal.annotations.JDK15AnnotationFinder.findAnnotation(JDK15AnnotationFinder.java:217)
	at org.testng.internal.annotations.JDK15AnnotationFinder.findAnnotation(JDK15AnnotationFinder.java:111)
	at org.testng.internal.Parameters.findDataProvider(Parameters.java:326)
	at org.testng.internal.Parameters.findDataProvider(Parameters.java:261)
	at org.testng.internal.Parameters.handleParameters(Parameters.java:418)
	at org.testng.internal.Invoker.handleParameters(Invoker.java:1240)
	at org.testng.internal.Invoker.createParameters(Invoker.java:980)
	at org.testng.internal.Invoker.invokeTestMethods(Invoker.java:1070)
	at org.testng.internal.TestMethodWorker.invokeTestMethods(TestMethodWorker.java:129)
	at org.testng.internal.TestMethodWorker.run(TestMethodWorker.java:112)
	at org.testng.TestRunner.privateRun(TestRunner.java:746)
	at org.testng.TestRunner.run(TestRunner.java:600)
	at org.testng.SuiteRunner.runTest(SuiteRunner.java:366)
	at org.testng.SuiteRunner.runSequentially(SuiteRunner.java:361)
	at org.testng.SuiteRunner.privateRun(SuiteRunner.java:319)
	at org.testng.SuiteRunner.run(SuiteRunner.java:268)
	at org.testng.SuiteRunnerWorker.runSuite(SuiteRunnerWorker.java:52)
	at org.testng.SuiteRunnerWorker.run(SuiteRunnerWorker.java:86)
	at org.testng.TestNG.runSuitesSequentially(TestNG.java:1264)
	at org.testng.TestNG.runSuitesLocally(TestNG.java:1189)
	at org.testng.TestNG.runSuites(TestNG.java:1104)
	at org.testng.TestNG.run(TestNG.java:1076)
	at org.testng.remote.AbstractRemoteTestNG.run(AbstractRemoteTestNG.java:126)
	at org.testng.remote.RemoteTestNG.initAndRun(RemoteTestNG.java:152)
	at org.testng.remote.RemoteTestNG.main(RemoteTestNG.java:57)
]]>
            </full-stacktrace>
          </exception> <!-- java.lang.NoClassDefFoundError -->
          <reporter-output>
          </reporter-output>
        </test-method> <!-- test_minPos_1 -->
        <test-method status="SKIP" signature="test_minPos_2(listInterfes.EList)[pri:0, instance:testMetod.EListTestNGPrm@548b7f67]" name="test_minPos_2" duration-ms="0" started-at="2016-08-04T16:42:30Z" data-provider="mainList" finished-at="2016-08-04T16:42:30Z">
          <exception class="java.lang.NoClassDefFoundError">
            <message>
              <![CDATA[com/google/common/primitives/Ints]]>
            </message>
            <full-stacktrace>
              <![CDATA[java.lang.NoClassDefFoundError: com/google/common/primitives/Ints
	at org.testng.internal.annotations.JDK15TagFactory.createDataProviderTag(JDK15TagFactory.java:335)
	at org.testng.internal.annotations.JDK15TagFactory.createTag(JDK15TagFactory.java:59)
	at org.testng.internal.annotations.JDK15AnnotationFinder.findAnnotation(JDK15AnnotationFinder.java:217)
	at org.testng.internal.annotations.JDK15AnnotationFinder.findAnnotation(JDK15AnnotationFinder.java:111)
	at org.testng.internal.Parameters.findDataProvider(Parameters.java:326)
	at org.testng.internal.Parameters.findDataProvider(Parameters.java:261)
	at org.testng.internal.Parameters.handleParameters(Parameters.java:418)
	at org.testng.internal.Invoker.handleParameters(Invoker.java:1240)
	at org.testng.internal.Invoker.createParameters(Invoker.java:980)
	at org.testng.internal.Invoker.invokeTestMethods(Invoker.java:1070)
	at org.testng.internal.TestMethodWorker.invokeTestMethods(TestMethodWorker.java:129)
	at org.testng.internal.TestMethodWorker.run(TestMethodWorker.java:112)
	at org.testng.TestRunner.privateRun(TestRunner.java:746)
	at org.testng.TestRunner.run(TestRunner.java:600)
	at org.testng.SuiteRunner.runTest(SuiteRunner.java:366)
	at org.testng.SuiteRunner.runSequentially(SuiteRunner.java:361)
	at org.testng.SuiteRunner.privateRun(SuiteRunner.java:319)
	at org.testng.SuiteRunner.run(SuiteRunner.java:268)
	at org.testng.SuiteRunnerWorker.runSuite(SuiteRunnerWorker.java:52)
	at org.testng.SuiteRunnerWorker.run(SuiteRunnerWorker.java:86)
	at org.testng.TestNG.runSuitesSequentially(TestNG.java:1264)
	at org.testng.TestNG.runSuitesLocally(TestNG.java:1189)
	at org.testng.TestNG.runSuites(TestNG.java:1104)
	at org.testng.TestNG.run(TestNG.java:1076)
	at org.testng.remote.AbstractRemoteTestNG.run(AbstractRemoteTestNG.java:126)
	at org.testng.remote.RemoteTestNG.initAndRun(RemoteTestNG.java:152)
	at org.testng.remote.RemoteTestNG.main(RemoteTestNG.java:57)
]]>
            </full-stacktrace>
          </exception> <!-- java.lang.NoClassDefFoundError -->
          <reporter-output>
          </reporter-output>
        </test-method> <!-- test_minPos_2 -->
        <test-method status="SKIP" signature="test_minPos_many(listInterfes.EList)[pri:0, instance:testMetod.EListTestNGPrm@548b7f67]" name="test_minPos_many" duration-ms="0" started-at="2016-08-04T16:42:30Z" data-provider="mainList" finished-at="2016-08-04T16:42:30Z">
          <exception class="java.lang.NoClassDefFoundError">
            <message>
              <![CDATA[com/google/common/primitives/Ints]]>
            </message>
            <full-stacktrace>
              <![CDATA[java.lang.NoClassDefFoundError: com/google/common/primitives/Ints
	at org.testng.internal.annotations.JDK15TagFactory.createDataProviderTag(JDK15TagFactory.java:335)
	at org.testng.internal.annotations.JDK15TagFactory.createTag(JDK15TagFactory.java:59)
	at org.testng.internal.annotations.JDK15AnnotationFinder.findAnnotation(JDK15AnnotationFinder.java:217)
	at org.testng.internal.annotations.JDK15AnnotationFinder.findAnnotation(JDK15AnnotationFinder.java:111)
	at org.testng.internal.Parameters.findDataProvider(Parameters.java:326)
	at org.testng.internal.Parameters.findDataProvider(Parameters.java:261)
	at org.testng.internal.Parameters.handleParameters(Parameters.java:418)
	at org.testng.internal.Invoker.handleParameters(Invoker.java:1240)
	at org.testng.internal.Invoker.createParameters(Invoker.java:980)
	at org.testng.internal.Invoker.invokeTestMethods(Invoker.java:1070)
	at org.testng.internal.TestMethodWorker.invokeTestMethods(TestMethodWorker.java:129)
	at org.testng.internal.TestMethodWorker.run(TestMethodWorker.java:112)
	at org.testng.TestRunner.privateRun(TestRunner.java:746)
	at org.testng.TestRunner.run(TestRunner.java:600)
	at org.testng.SuiteRunner.runTest(SuiteRunner.java:366)
	at org.testng.SuiteRunner.runSequentially(SuiteRunner.java:361)
	at org.testng.SuiteRunner.privateRun(SuiteRunner.java:319)
	at org.testng.SuiteRunner.run(SuiteRunner.java:268)
	at org.testng.SuiteRunnerWorker.runSuite(SuiteRunnerWorker.java:52)
	at org.testng.SuiteRunnerWorker.run(SuiteRunnerWorker.java:86)
	at org.testng.TestNG.runSuitesSequentially(TestNG.java:1264)
	at org.testng.TestNG.runSuitesLocally(TestNG.java:1189)
	at org.testng.TestNG.runSuites(TestNG.java:1104)
	at org.testng.TestNG.run(TestNG.java:1076)
	at org.testng.remote.AbstractRemoteTestNG.run(AbstractRemoteTestNG.java:126)
	at org.testng.remote.RemoteTestNG.initAndRun(RemoteTestNG.java:152)
	at org.testng.remote.RemoteTestNG.main(RemoteTestNG.java:57)
]]>
            </full-stacktrace>
          </exception> <!-- java.lang.NoClassDefFoundError -->
          <reporter-output>
          </reporter-output>
        </test-method> <!-- test_minPos_many -->
        <test-method status="SKIP" signature="test_toString_0(listInterfes.EList)[pri:0, instance:testMetod.EListTestNGPrm@548b7f67]" name="test_toString_0" duration-ms="0" started-at="2016-08-04T16:42:30Z" data-provider="mainList" finished-at="2016-08-04T16:42:30Z">
          <exception class="java.lang.NoClassDefFoundError">
            <message>
              <![CDATA[com/google/common/primitives/Ints]]>
            </message>
            <full-stacktrace>
              <![CDATA[java.lang.NoClassDefFoundError: com/google/common/primitives/Ints
	at org.testng.internal.annotations.JDK15TagFactory.createDataProviderTag(JDK15TagFactory.java:335)
	at org.testng.internal.annotations.JDK15TagFactory.createTag(JDK15TagFactory.java:59)
	at org.testng.internal.annotations.JDK15AnnotationFinder.findAnnotation(JDK15AnnotationFinder.java:217)
	at org.testng.internal.annotations.JDK15AnnotationFinder.findAnnotation(JDK15AnnotationFinder.java:111)
	at org.testng.internal.Parameters.findDataProvider(Parameters.java:326)
	at org.testng.internal.Parameters.findDataProvider(Parameters.java:261)
	at org.testng.internal.Parameters.handleParameters(Parameters.java:418)
	at org.testng.internal.Invoker.handleParameters(Invoker.java:1240)
	at org.testng.internal.Invoker.createParameters(Invoker.java:980)
	at org.testng.internal.Invoker.invokeTestMethods(Invoker.java:1070)
	at org.testng.internal.TestMethodWorker.invokeTestMethods(TestMethodWorker.java:129)
	at org.testng.internal.TestMethodWorker.run(TestMethodWorker.java:112)
	at org.testng.TestRunner.privateRun(TestRunner.java:746)
	at org.testng.TestRunner.run(TestRunner.java:600)
	at org.testng.SuiteRunner.runTest(SuiteRunner.java:366)
	at org.testng.SuiteRunner.runSequentially(SuiteRunner.java:361)
	at org.testng.SuiteRunner.privateRun(SuiteRunner.java:319)
	at org.testng.SuiteRunner.run(SuiteRunner.java:268)
	at org.testng.SuiteRunnerWorker.runSuite(SuiteRunnerWorker.java:52)
	at org.testng.SuiteRunnerWorker.run(SuiteRunnerWorker.java:86)
	at org.testng.TestNG.runSuitesSequentially(TestNG.java:1264)
	at org.testng.TestNG.runSuitesLocally(TestNG.java:1189)
	at org.testng.TestNG.runSuites(TestNG.java:1104)
	at org.testng.TestNG.run(TestNG.java:1076)
	at org.testng.remote.AbstractRemoteTestNG.run(AbstractRemoteTestNG.java:126)
	at org.testng.remote.RemoteTestNG.initAndRun(RemoteTestNG.java:152)
	at org.testng.remote.RemoteTestNG.main(RemoteTestNG.java:57)
]]>
            </full-stacktrace>
          </exception> <!-- java.lang.NoClassDefFoundError -->
          <reporter-output>
          </reporter-output>
        </test-method> <!-- test_toString_0 -->
        <test-method status="SKIP" signature="test_toString_1(listInterfes.EList)[pri:0, instance:testMetod.EListTestNGPrm@548b7f67]" name="test_toString_1" duration-ms="0" started-at="2016-08-04T16:42:30Z" data-provider="mainList" finished-at="2016-08-04T16:42:30Z">
          <exception class="java.lang.NoClassDefFoundError">
            <message>
              <![CDATA[com/google/common/primitives/Ints]]>
            </message>
            <full-stacktrace>
              <![CDATA[java.lang.NoClassDefFoundError: com/google/common/primitives/Ints
	at org.testng.internal.annotations.JDK15TagFactory.createDataProviderTag(JDK15TagFactory.java:335)
	at org.testng.internal.annotations.JDK15TagFactory.createTag(JDK15TagFactory.java:59)
	at org.testng.internal.annotations.JDK15AnnotationFinder.findAnnotation(JDK15AnnotationFinder.java:217)
	at org.testng.internal.annotations.JDK15AnnotationFinder.findAnnotation(JDK15AnnotationFinder.java:111)
	at org.testng.internal.Parameters.findDataProvider(Parameters.java:326)
	at org.testng.internal.Parameters.findDataProvider(Parameters.java:261)
	at org.testng.internal.Parameters.handleParameters(Parameters.java:418)
	at org.testng.internal.Invoker.handleParameters(Invoker.java:1240)
	at org.testng.internal.Invoker.createParameters(Invoker.java:980)
	at org.testng.internal.Invoker.invokeTestMethods(Invoker.java:1070)
	at org.testng.internal.TestMethodWorker.invokeTestMethods(TestMethodWorker.java:129)
	at org.testng.internal.TestMethodWorker.run(TestMethodWorker.java:112)
	at org.testng.TestRunner.privateRun(TestRunner.java:746)
	at org.testng.TestRunner.run(TestRunner.java:600)
	at org.testng.SuiteRunner.runTest(SuiteRunner.java:366)
	at org.testng.SuiteRunner.runSequentially(SuiteRunner.java:361)
	at org.testng.SuiteRunner.privateRun(SuiteRunner.java:319)
	at org.testng.SuiteRunner.run(SuiteRunner.java:268)
	at org.testng.SuiteRunnerWorker.runSuite(SuiteRunnerWorker.java:52)
	at org.testng.SuiteRunnerWorker.run(SuiteRunnerWorker.java:86)
	at org.testng.TestNG.runSuitesSequentially(TestNG.java:1264)
	at org.testng.TestNG.runSuitesLocally(TestNG.java:1189)
	at org.testng.TestNG.runSuites(TestNG.java:1104)
	at org.testng.TestNG.run(TestNG.java:1076)
	at org.testng.remote.AbstractRemoteTestNG.run(AbstractRemoteTestNG.java:126)
	at org.testng.remote.RemoteTestNG.initAndRun(RemoteTestNG.java:152)
	at org.testng.remote.RemoteTestNG.main(RemoteTestNG.java:57)
]]>
            </full-stacktrace>
          </exception> <!-- java.lang.NoClassDefFoundError -->
          <reporter-output>
          </reporter-output>
        </test-method> <!-- test_toString_1 -->
        <test-method status="SKIP" signature="test_toString_2(listInterfes.EList)[pri:0, instance:testMetod.EListTestNGPrm@548b7f67]" name="test_toString_2" duration-ms="0" started-at="2016-08-04T16:42:30Z" data-provider="mainList" finished-at="2016-08-04T16:42:30Z">
          <exception class="java.lang.NoClassDefFoundError">
            <message>
              <![CDATA[com/google/common/primitives/Ints]]>
            </message>
            <full-stacktrace>
              <![CDATA[java.lang.NoClassDefFoundError: com/google/common/primitives/Ints
	at org.testng.internal.annotations.JDK15TagFactory.createDataProviderTag(JDK15TagFactory.java:335)
	at org.testng.internal.annotations.JDK15TagFactory.createTag(JDK15TagFactory.java:59)
	at org.testng.internal.annotations.JDK15AnnotationFinder.findAnnotation(JDK15AnnotationFinder.java:217)
	at org.testng.internal.annotations.JDK15AnnotationFinder.findAnnotation(JDK15AnnotationFinder.java:111)
	at org.testng.internal.Parameters.findDataProvider(Parameters.java:326)
	at org.testng.internal.Parameters.findDataProvider(Parameters.java:261)
	at org.testng.internal.Parameters.handleParameters(Parameters.java:418)
	at org.testng.internal.Invoker.handleParameters(Invoker.java:1240)
	at org.testng.internal.Invoker.createParameters(Invoker.java:980)
	at org.testng.internal.Invoker.invokeTestMethods(Invoker.java:1070)
	at org.testng.internal.TestMethodWorker.invokeTestMethods(TestMethodWorker.java:129)
	at org.testng.internal.TestMethodWorker.run(TestMethodWorker.java:112)
	at org.testng.TestRunner.privateRun(TestRunner.java:746)
	at org.testng.TestRunner.run(TestRunner.java:600)
	at org.testng.SuiteRunner.runTest(SuiteRunner.java:366)
	at org.testng.SuiteRunner.runSequentially(SuiteRunner.java:361)
	at org.testng.SuiteRunner.privateRun(SuiteRunner.java:319)
	at org.testng.SuiteRunner.run(SuiteRunner.java:268)
	at org.testng.SuiteRunnerWorker.runSuite(SuiteRunnerWorker.java:52)
	at org.testng.SuiteRunnerWorker.run(SuiteRunnerWorker.java:86)
	at org.testng.TestNG.runSuitesSequentially(TestNG.java:1264)
	at org.testng.TestNG.runSuitesLocally(TestNG.java:1189)
	at org.testng.TestNG.runSuites(TestNG.java:1104)
	at org.testng.TestNG.run(TestNG.java:1076)
	at org.testng.remote.AbstractRemoteTestNG.run(AbstractRemoteTestNG.java:126)
	at org.testng.remote.RemoteTestNG.initAndRun(RemoteTestNG.java:152)
	at org.testng.remote.RemoteTestNG.main(RemoteTestNG.java:57)
]]>
            </full-stacktrace>
          </exception> <!-- java.lang.NoClassDefFoundError -->
          <reporter-output>
          </reporter-output>
        </test-method> <!-- test_toString_2 -->
        <test-method status="SKIP" signature="test_toString_many(listInterfes.EList)[pri:0, instance:testMetod.EListTestNGPrm@548b7f67]" name="test_toString_many" duration-ms="0" started-at="2016-08-04T16:42:30Z" data-provider="mainList" finished-at="2016-08-04T16:42:30Z">
          <exception class="java.lang.NoClassDefFoundError">
            <message>
              <![CDATA[com/google/common/primitives/Ints]]>
            </message>
            <full-stacktrace>
              <![CDATA[java.lang.NoClassDefFoundError: com/google/common/primitives/Ints
	at org.testng.internal.annotations.JDK15TagFactory.createDataProviderTag(JDK15TagFactory.java:335)
	at org.testng.internal.annotations.JDK15TagFactory.createTag(JDK15TagFactory.java:59)
	at org.testng.internal.annotations.JDK15AnnotationFinder.findAnnotation(JDK15AnnotationFinder.java:217)
	at org.testng.internal.annotations.JDK15AnnotationFinder.findAnnotation(JDK15AnnotationFinder.java:111)
	at org.testng.internal.Parameters.findDataProvider(Parameters.java:326)
	at org.testng.internal.Parameters.findDataProvider(Parameters.java:261)
	at org.testng.internal.Parameters.handleParameters(Parameters.java:418)
	at org.testng.internal.Invoker.handleParameters(Invoker.java:1240)
	at org.testng.internal.Invoker.createParameters(Invoker.java:980)
	at org.testng.internal.Invoker.invokeTestMethods(Invoker.java:1070)
	at org.testng.internal.TestMethodWorker.invokeTestMethods(TestMethodWorker.java:129)
	at org.testng.internal.TestMethodWorker.run(TestMethodWorker.java:112)
	at org.testng.TestRunner.privateRun(TestRunner.java:746)
	at org.testng.TestRunner.run(TestRunner.java:600)
	at org.testng.SuiteRunner.runTest(SuiteRunner.java:366)
	at org.testng.SuiteRunner.runSequentially(SuiteRunner.java:361)
	at org.testng.SuiteRunner.privateRun(SuiteRunner.java:319)
	at org.testng.SuiteRunner.run(SuiteRunner.java:268)
	at org.testng.SuiteRunnerWorker.runSuite(SuiteRunnerWorker.java:52)
	at org.testng.SuiteRunnerWorker.run(SuiteRunnerWorker.java:86)
	at org.testng.TestNG.runSuitesSequentially(TestNG.java:1264)
	at org.testng.TestNG.runSuitesLocally(TestNG.java:1189)
	at org.testng.TestNG.runSuites(TestNG.java:1104)
	at org.testng.TestNG.run(TestNG.java:1076)
	at org.testng.remote.AbstractRemoteTestNG.run(AbstractRemoteTestNG.java:126)
	at org.testng.remote.RemoteTestNG.initAndRun(RemoteTestNG.java:152)
	at org.testng.remote.RemoteTestNG.main(RemoteTestNG.java:57)
]]>
            </full-stacktrace>
          </exception> <!-- java.lang.NoClassDefFoundError -->
          <reporter-output>
          </reporter-output>
        </test-method> <!-- test_toString_many -->
      </class> <!-- testMetod.EListTestNGPrm -->
    </test> <!-- Default test -->
  </suite> <!-- Default suite -->
</testng-results>
